#
# There is insufficient memory for the Java Runtime Environment to continue.
# Native memory allocation (mmap) failed to map 298844160 bytes for Failed to commit area from 0x000000008df00000 to 0x000000009fc00000 of length 298844160.
# Possible reasons:
#   The system is out of physical RAM or swap space
#   The process is running with CompressedOops enabled, and the Java Heap may be blocking the growth of the native heap
# Possible solutions:
#   Reduce memory load on the system
#   Increase physical memory or swap space
#   Check if swap backing store is full
#   Decrease Java heap size (-Xmx/-Xms)
#   Decrease number of Java threads
#   Decrease Java thread stack sizes (-Xss)
#   Set larger code cache with -XX:ReservedCodeCacheSize=
#   JVM is running with Unscaled Compressed Oops mode in which the Java heap is
#     placed in the first 4GB address space. The Java Heap base address is the
#     maximum limit for the native heap growth. Please use -XX:HeapBaseMinAddress
#     to set the Java Heap base and to place the Java Heap above 4GB virtual address.
# This output file may be truncated or incomplete.
#
#  Out of Memory Error (./src/hotspot/os/windows/os_windows.cpp:3303), pid=12184, tid=42440
#
# JRE version: OpenJDK Runtime Environment (11.0.8+10) (build 11.0.8+10-b944.6842174)
# Java VM: OpenJDK 64-Bit Server VM (11.0.8+10-b944.6842174, mixed mode, tiered, compressed oops, g1 gc, windows-amd64)
# No core dump will be written. Minidumps are not enabled by default on client versions of Windows
#

---------------  S U M M A R Y ------------

Command Line: --add-opens=java.base/java.util=ALL-UNNAMED --add-opens=java.base/java.lang=ALL-UNNAMED --add-opens=java.base/java.lang.invoke=ALL-UNNAMED --add-opens=java.prefs/java.util.prefs=ALL-UNNAMED -Xmx2048m -Dfile.encoding=UTF-8 -Duser.country=US -Duser.language=en -Duser.variant org.gradle.launcher.daemon.bootstrap.GradleDaemon 6.7.1

Host: Intel(R) Core(TM) i5-8250U CPU @ 1.60GHz, 8 cores, 7G,  Windows 10 , 64 bit Build 19041 (10.0.19041.1023)
Time: Sat Aug 14 18:04:55 2021 Korea Standard Time elapsed time: 40 seconds (0d 0h 0m 40s)

---------------  T H R E A D  ---------------

Current thread (0x000001f5ee2ef000):  VMThread "VM Thread" [stack: 0x0000007c08700000,0x0000007c08800000] [id=42440]

Stack: [0x0000007c08700000,0x0000007c08800000]
[error occurred during error reporting (printing stack bounds), id 0xc0000005, EXCEPTION_ACCESS_VIOLATION (0xc0000005) at pc=0x000001f5d71b0dad]

Native frames: (J=compiled Java code, j=interpreted, Vv=VM code, C=native code)
V  [jvm.dll+0x5de50a]
V  [jvm.dll+0x7122f5]
V  [jvm.dll+0x71384d]
V  [jvm.dll+0x713e65]
V  [jvm.dll+0x713e1b]
V  [jvm.dll+0x5dd958]
V  [jvm.dll+0x5de0f8]
C  [ntdll.dll+0xa217f]
C  [ntdll.dll+0x51454]
C  [ntdll.dll+0xa0cae]
C  0x000001f5d71b0dad

VM_Operation (0x0000007c0b3f9120): G1CollectForAllocation, mode: safepoint, requested by thread 0x000001f5eeff1800


---------------  P R O C E S S  ---------------

Threads class SMR info:
_java_thread_list=0x000001f5f3239d10, length=150, elements={
0x000001f5d382c000, 0x000001f5ee2f3800, 0x000001f5ee2f5000, 0x000001f5ee30c800,
0x000001f5ee30f000, 0x000001f5ee310000, 0x000001f5ee31f000, 0x000001f5ee320000,
0x000001f5eedd4000, 0x000001f5eedfe000, 0x000001f5f030d000, 0x000001f5ef029800,
0x000001f5f07e1000, 0x000001f5efea8000, 0x000001f5eff6a800, 0x000001f5f07fe000,
0x000001f5f01ff800, 0x000001f5ef97c800, 0x000001f5f037a800, 0x000001f5f037b000,
0x000001f5ef234800, 0x000001f5ef235000, 0x000001f5ef232000, 0x000001f5ef236000,
0x000001f5ef233800, 0x000001f5ef237000, 0x000001f5ef237800, 0x000001f5eefee000,
0x000001f5eefeb800, 0x000001f5eefeb000, 0x000001f5eefed000, 0x000001f5eefe9000,
0x000001f5eeff1800, 0x000001f5eeff2000, 0x000001f5eeff4800, 0x000001f5eeff3000,
0x000001f5eeff4000, 0x000001f5eeff5800, 0x000001f5eeff0800, 0x000001f5eefef800,
0x000001f5eeff6000, 0x000001f5eeff7000, 0x000001f5eeff8000, 0x000001f5ef231000,
0x000001f5ef233000, 0x000001f5f4664000, 0x000001f5f4668000, 0x000001f5f4664800,
0x000001f5f4667000, 0x000001f5f4663000, 0x000001f5f4668800, 0x000001f5f4665800,
0x000001f5f4669800, 0x000001f5f4666000, 0x000001f5f466c000, 0x000001f5f4670000,
0x000001f5f466f000, 0x000001f5f466a800, 0x000001f5f4671000, 0x000001f5f466d000,
0x000001f5f466d800, 0x000001f5f466b000, 0x000001f5f4671800, 0x000001f5f466e800,
0x000001f5ef5ce800, 0x000001f5ef5d2800, 0x000001f5ef5cf000, 0x000001f5ef5d0000,
0x000001f5ef5d1800, 0x000001f5ef5d1000, 0x000001f5ef5cd000, 0x000001f5ef5d3800,
0x000001f5ef5cd800, 0x000001f5ef5d7800, 0x000001f5ef5d4000, 0x000001f5ef5d8000,
0x000001f5ef5d6800, 0x000001f5ef5d6000, 0x000001f5ef5d9000, 0x000001f5ef5da000,
0x000001f5ef5da800, 0x000001f5ef5d5000, 0x000001f5ef5db800, 0x000001f5f30c0800,
0x000001f5f30bb800, 0x000001f5f30bf800, 0x000001f5f30ba800, 0x000001f5f30c1000,
0x000001f5f30be000, 0x000001f5f30be800, 0x000001f5f30c2000, 0x000001f5f30bc000,
0x000001f5f30c2800, 0x000001f5f30bd000, 0x000001f5f30c3800, 0x000001f5f30c4800,
0x000001f5f30c9000, 0x000001f5f30c6000, 0x000001f5f30c7000, 0x000001f5f30c7800,
0x000001f5f30c8800, 0x000001f5f30c5000, 0x000001f5ef342800, 0x000001f5ef33d800,
0x000001f5ef344000, 0x000001f5ef33f000, 0x000001f5ef343000, 0x000001f5ef340800,
0x000001f5ef341800, 0x000001f5ef33e800, 0x000001f5ef345000, 0x000001f5ef345800,
0x000001f5ef340000, 0x000001f5ef34b800, 0x000001f5ef347000, 0x000001f5ef34a800,
0x000001f5ef34c000, 0x000001f5ef346800, 0x000001f5ef348000, 0x000001f5ef349000,
0x000001f5ef349800, 0x000001f5f1438000, 0x000001f5f1433000, 0x000001f5f1432000,
0x000001f5f1434800, 0x000001f5f1435800, 0x000001f5f1437000, 0x000001f5f1434000,
0x000001f5f143b000, 0x000001f5f143c000, 0x000001f5f1438800, 0x000001f5f1436800,
0x000001f5f143f800, 0x000001f5f143e800, 0x000001f5f143d800, 0x000001f5f1439800,
0x000001f5f143d000, 0x000001f5eefea000, 0x000001f5f6754000, 0x000001f5f6758000,
0x000001f5f6759000, 0x000001f5f6755000, 0x000001f5f6753800, 0x000001f5f675a000,
0x000001f5f6755800, 0x000001f5f675c800, 0x000001f5f675a800, 0x000001f5f675b800,
0x000001f5f6756800, 0x000001f5f675d000
}

Java Threads: ( => current thread )
  0x000001f5d382c000 JavaThread "main" [_thread_blocked, id=26296, stack(0x0000007c08100000,0x0000007c08200000)]
  0x000001f5ee2f3800 JavaThread "Reference Handler" daemon [_thread_blocked, id=32088, stack(0x0000007c08800000,0x0000007c08900000)]
  0x000001f5ee2f5000 JavaThread "Finalizer" daemon [_thread_blocked, id=37004, stack(0x0000007c08900000,0x0000007c08a00000)]
  0x000001f5ee30c800 JavaThread "Signal Dispatcher" daemon [_thread_blocked, id=43228, stack(0x0000007c08a00000,0x0000007c08b00000)]
  0x000001f5ee30f000 JavaThread "Attach Listener" daemon [_thread_blocked, id=22064, stack(0x0000007c08b00000,0x0000007c08c00000)]
  0x000001f5ee310000 JavaThread "C2 CompilerThread0" daemon [_thread_blocked, id=32020, stack(0x0000007c08c00000,0x0000007c08d00000)]
  0x000001f5ee31f000 JavaThread "C1 CompilerThread0" daemon [_thread_blocked, id=38796, stack(0x0000007c08d00000,0x0000007c08e00000)]
  0x000001f5ee320000 JavaThread "Sweeper thread" daemon [_thread_blocked, id=35308, stack(0x0000007c08e00000,0x0000007c08f00000)]
  0x000001f5eedd4000 JavaThread "Common-Cleaner" daemon [_thread_blocked, id=21572, stack(0x0000007c08f00000,0x0000007c09000000)]
  0x000001f5eedfe000 JavaThread "Service Thread" daemon [_thread_blocked, id=3804, stack(0x0000007c09000000,0x0000007c09100000)]
  0x000001f5f030d000 JavaThread "Daemon health stats" [_thread_blocked, id=39752, stack(0x0000007c09600000,0x0000007c09700000)]
  0x000001f5ef029800 JavaThread "Incoming local TCP Connector on port 2446" [_thread_in_native, id=41144, stack(0x0000007c09700000,0x0000007c09800000)]
  0x000001f5f07e1000 JavaThread "Daemon periodic checks" [_thread_blocked, id=10412, stack(0x0000007c09800000,0x0000007c09900000)]
  0x000001f5efea8000 JavaThread "Daemon" [_thread_blocked, id=34552, stack(0x0000007c09900000,0x0000007c09a00000)]
  0x000001f5eff6a800 JavaThread "Handler for socket connection from /127.0.0.1:2446 to /127.0.0.1:2447" [_thread_in_native, id=38316, stack(0x0000007c09a00000,0x0000007c09b00000)]
  0x000001f5f07fe000 JavaThread "Cancel handler" [_thread_blocked, id=23216, stack(0x0000007c09b00000,0x0000007c09c00000)]
  0x000001f5f01ff800 JavaThread "Daemon worker" [_thread_blocked, id=19752, stack(0x0000007c09c00000,0x0000007c09d00000)]
  0x000001f5ef97c800 JavaThread "Asynchronous log dispatcher for DefaultDaemonConnection: socket connection from /127.0.0.1:2446 to /127.0.0.1:2447" [_thread_blocked, id=34648, stack(0x0000007c09d00000,0x0000007c09e00000)]
  0x000001f5f037a800 JavaThread "Stdin handler" [_thread_blocked, id=40608, stack(0x0000007c09e00000,0x0000007c09f00000)]
  0x000001f5f037b000 JavaThread "Thread-8" [_thread_blocked, id=36272, stack(0x0000007c09f00000,0x0000007c0a000000)]
  0x000001f5ef234800 JavaThread "Cache worker for file hash cache (C:\Users\ka030\.gradle\caches\6.7.1\fileHashes)" [_thread_blocked, id=21200, stack(0x0000007c0a500000,0x0000007c0a600000)]
  0x000001f5ef235000 JavaThread "File lock request listener" [_thread_in_native, id=17892, stack(0x0000007c0a600000,0x0000007c0a700000)]
  0x000001f5ef232000 JavaThread "Cache worker for journal cache (C:\Users\ka030\.gradle\caches\journal-1)" [_thread_blocked, id=12132, stack(0x0000007c0a800000,0x0000007c0a900000)]
  0x000001f5ef236000 JavaThread "Cache worker for file hash cache (C:\Users\ka030\Desktop\safechildren\.gradle\6.7.1\fileHashes)" [_thread_blocked, id=26120, stack(0x0000007c0a900000,0x0000007c0aa00000)]
  0x000001f5ef233800 JavaThread "Cache worker for checksums cache (C:\Users\ka030\Desktop\safechildren\.gradle\checksums)" [_thread_blocked, id=7212, stack(0x0000007c0ab00000,0x0000007c0ac00000)]
  0x000001f5ef237000 JavaThread "Cache worker for cache directory md-supplier (C:\Users\ka030\.gradle\caches\6.7.1\md-supplier)" [_thread_blocked, id=32084, stack(0x0000007c0aa00000,0x0000007c0ab00000)]
  0x000001f5ef237800 JavaThread "Cache worker for cache directory md-rule (C:\Users\ka030\.gradle\caches\6.7.1\md-rule)" [_thread_blocked, id=22544, stack(0x0000007c0ad00000,0x0000007c0ae00000)]
  0x000001f5eefee000 JavaThread "Cache worker for execution history cache (C:\Users\ka030\.gradle\caches\6.7.1\executionHistory)" [_thread_blocked, id=10212, stack(0x0000007c0af00000,0x0000007c0b000000)]
  0x000001f5eefeb800 JavaThread "jar transforms" [_thread_blocked, id=34220, stack(0x0000007c0b000000,0x0000007c0b100000)]
  0x000001f5eefeb000 JavaThread "Cache worker for file content cache (C:\Users\ka030\.gradle\caches\6.7.1\fileContent)" [_thread_blocked, id=10224, stack(0x0000007c0b100000,0x0000007c0b200000)]
  0x000001f5eefed000 JavaThread "Cache worker for Build Output Cleanup Cache (C:\Users\ka030\Desktop\safechildren\.gradle\buildOutputCleanup)" [_thread_blocked, id=33444, stack(0x0000007c0b200000,0x0000007c0b300000)]
  0x000001f5eefe9000 JavaThread "Build operations" [_thread_blocked, id=33432, stack(0x0000007c0ae00000,0x0000007c0af00000)]
  0x000001f5eeff1800 JavaThread "Build operations Thread 2" [_thread_blocked, id=20056, stack(0x0000007c0b300000,0x0000007c0b400000)]
  0x000001f5eeff2000 JavaThread "Build operations Thread 3" [_thread_blocked, id=9040, stack(0x0000007c0b400000,0x0000007c0b500000)]
  0x000001f5eeff4800 JavaThread "Build operations Thread 4" [_thread_blocked, id=41768, stack(0x0000007c0b500000,0x0000007c0b600000)]
  0x000001f5eeff3000 JavaThread "Build operations Thread 5" [_thread_blocked, id=27376, stack(0x0000007c0b600000,0x0000007c0b700000)]
  0x000001f5eeff4000 JavaThread "Build operations Thread 6" [_thread_blocked, id=41884, stack(0x0000007c0b700000,0x0000007c0b800000)]
  0x000001f5eeff5800 JavaThread "Build operations Thread 7" [_thread_blocked, id=44028, stack(0x0000007c0b800000,0x0000007c0b900000)]
  0x000001f5eeff0800 JavaThread "Build operations Thread 8" [_thread_blocked, id=25772, stack(0x0000007c0b900000,0x0000007c0ba00000)]
  0x000001f5eefef800 JavaThread "jar transforms Thread 2" [_thread_blocked, id=4656, stack(0x0000007c0ba00000,0x0000007c0bb00000)]
  0x000001f5eeff6000 JavaThread "jar transforms Thread 3" [_thread_blocked, id=2536, stack(0x0000007c0bb00000,0x0000007c0bc00000)]
  0x000001f5eeff7000 JavaThread "jar transforms Thread 4" [_thread_blocked, id=1544, stack(0x0000007c0bc00000,0x0000007c0bd00000)]
  0x000001f5eeff8000 JavaThread "jar transforms Thread 5" [_thread_blocked, id=38280, stack(0x0000007c0bd00000,0x0000007c0be00000)]
  0x000001f5ef231000 JavaThread "jar transforms Thread 6" [_thread_blocked, id=38948, stack(0x0000007c0be00000,0x0000007c0bf00000)]
  0x000001f5ef233000 JavaThread "jar transforms Thread 7" [_thread_blocked, id=9016, stack(0x0000007c0bf00000,0x0000007c0c000000)]
  0x000001f5f4664000 JavaThread "jar transforms Thread 8" [_thread_blocked, id=4088, stack(0x0000007c0c000000,0x0000007c0c100000)]
  0x000001f5f4668000 JavaThread "jar transforms Thread 9" [_thread_blocked, id=39804, stack(0x0000007c0c100000,0x0000007c0c200000)]
  0x000001f5f4664800 JavaThread "jar transforms Thread 10" [_thread_blocked, id=39552, stack(0x0000007c0c200000,0x0000007c0c300000)]
  0x000001f5f4667000 JavaThread "jar transforms Thread 11" [_thread_blocked, id=35036, stack(0x0000007c0c300000,0x0000007c0c400000)]
  0x000001f5f4663000 JavaThread "jar transforms Thread 12" [_thread_blocked, id=8280, stack(0x0000007c0c400000,0x0000007c0c500000)]
  0x000001f5f4668800 JavaThread "jar transforms Thread 13" [_thread_blocked, id=42692, stack(0x0000007c0c500000,0x0000007c0c600000)]
  0x000001f5f4665800 JavaThread "jar transforms Thread 14" [_thread_blocked, id=11952, stack(0x0000007c0c600000,0x0000007c0c700000)]
  0x000001f5f4669800 JavaThread "jar transforms Thread 15" [_thread_blocked, id=1132, stack(0x0000007c0c700000,0x0000007c0c800000)]
  0x000001f5f4666000 JavaThread "jar transforms Thread 16" [_thread_blocked, id=1736, stack(0x0000007c0c800000,0x0000007c0c900000)]
  0x000001f5f466c000 JavaThread "jar transforms Thread 17" [_thread_blocked, id=15008, stack(0x0000007c0c900000,0x0000007c0ca00000)]
  0x000001f5f4670000 JavaThread "jar transforms Thread 18" [_thread_blocked, id=19324, stack(0x0000007c0ca00000,0x0000007c0cb00000)]
  0x000001f5f466f000 JavaThread "jar transforms Thread 19" [_thread_blocked, id=38124, stack(0x0000007c0cb00000,0x0000007c0cc00000)]
  0x000001f5f466a800 JavaThread "jar transforms Thread 20" [_thread_blocked, id=22708, stack(0x0000007c0cc00000,0x0000007c0cd00000)]
  0x000001f5f4671000 JavaThread "jar transforms Thread 21" [_thread_blocked, id=39556, stack(0x0000007c0cd00000,0x0000007c0ce00000)]
  0x000001f5f466d000 JavaThread "jar transforms Thread 22" [_thread_blocked, id=7036, stack(0x0000007c0ce00000,0x0000007c0cf00000)]
  0x000001f5f466d800 JavaThread "jar transforms Thread 23" [_thread_blocked, id=3772, stack(0x0000007c0cf00000,0x0000007c0d000000)]
  0x000001f5f466b000 JavaThread "jar transforms Thread 24" [_thread_blocked, id=9612, stack(0x0000007c0d000000,0x0000007c0d100000)]
  0x000001f5f4671800 JavaThread "jar transforms Thread 25" [_thread_blocked, id=43776, stack(0x0000007c0d100000,0x0000007c0d200000)]
  0x000001f5f466e800 JavaThread "jar transforms Thread 26" [_thread_blocked, id=2560, stack(0x0000007c0d200000,0x0000007c0d300000)]
  0x000001f5ef5ce800 JavaThread "jar transforms Thread 27" [_thread_blocked, id=39756, stack(0x0000007c0d300000,0x0000007c0d400000)]
  0x000001f5ef5d2800 JavaThread "jar transforms Thread 28" [_thread_blocked, id=35288, stack(0x0000007c0d400000,0x0000007c0d500000)]
  0x000001f5ef5cf000 JavaThread "jar transforms Thread 29" [_thread_blocked, id=36072, stack(0x0000007c0d500000,0x0000007c0d600000)]
  0x000001f5ef5d0000 JavaThread "jar transforms Thread 30" [_thread_blocked, id=33168, stack(0x0000007c0d600000,0x0000007c0d700000)]
  0x000001f5ef5d1800 JavaThread "jar transforms Thread 31" [_thread_blocked, id=18816, stack(0x0000007c0d700000,0x0000007c0d800000)]
  0x000001f5ef5d1000 JavaThread "jar transforms Thread 32" [_thread_blocked, id=23028, stack(0x0000007c0d800000,0x0000007c0d900000)]
  0x000001f5ef5cd000 JavaThread "jar transforms Thread 33" [_thread_blocked, id=38296, stack(0x0000007c0d900000,0x0000007c0da00000)]
  0x000001f5ef5d3800 JavaThread "jar transforms Thread 34" [_thread_blocked, id=42652, stack(0x0000007c0da00000,0x0000007c0db00000)]
  0x000001f5ef5cd800 JavaThread "jar transforms Thread 35" [_thread_blocked, id=17580, stack(0x0000007c0db00000,0x0000007c0dc00000)]
  0x000001f5ef5d7800 JavaThread "jar transforms Thread 36" [_thread_blocked, id=33516, stack(0x0000007c0dc00000,0x0000007c0dd00000)]
  0x000001f5ef5d4000 JavaThread "jar transforms Thread 37" [_thread_blocked, id=27744, stack(0x0000007c0dd00000,0x0000007c0de00000)]
  0x000001f5ef5d8000 JavaThread "jar transforms Thread 38" [_thread_blocked, id=8348, stack(0x0000007c0de00000,0x0000007c0df00000)]
  0x000001f5ef5d6800 JavaThread "jar transforms Thread 39" [_thread_blocked, id=84, stack(0x0000007c0df00000,0x0000007c0e000000)]
  0x000001f5ef5d6000 JavaThread "jar transforms Thread 40" [_thread_blocked, id=29948, stack(0x0000007c0e000000,0x0000007c0e100000)]
  0x000001f5ef5d9000 JavaThread "jar transforms Thread 41" [_thread_blocked, id=11240, stack(0x0000007c0e100000,0x0000007c0e200000)]
  0x000001f5ef5da000 JavaThread "jar transforms Thread 42" [_thread_blocked, id=4268, stack(0x0000007c0e200000,0x0000007c0e300000)]
  0x000001f5ef5da800 JavaThread "jar transforms Thread 43" [_thread_blocked, id=43376, stack(0x0000007c0e300000,0x0000007c0e400000)]
  0x000001f5ef5d5000 JavaThread "jar transforms Thread 44" [_thread_blocked, id=21032, stack(0x0000007c0e400000,0x0000007c0e500000)]
  0x000001f5ef5db800 JavaThread "jar transforms Thread 45" [_thread_blocked, id=27292, stack(0x0000007c0e500000,0x0000007c0e600000)]
  0x000001f5f30c0800 JavaThread "jar transforms Thread 46" [_thread_blocked, id=23784, stack(0x0000007c0e600000,0x0000007c0e700000)]
  0x000001f5f30bb800 JavaThread "jar transforms Thread 47" [_thread_blocked, id=21152, stack(0x0000007c0e700000,0x0000007c0e800000)]
  0x000001f5f30bf800 JavaThread "jar transforms Thread 48" [_thread_blocked, id=41496, stack(0x0000007c0e800000,0x0000007c0e900000)]
  0x000001f5f30ba800 JavaThread "jar transforms Thread 49" [_thread_blocked, id=14460, stack(0x0000007c0e900000,0x0000007c0ea00000)]
  0x000001f5f30c1000 JavaThread "jar transforms Thread 50" [_thread_blocked, id=16296, stack(0x0000007c0ea00000,0x0000007c0eb00000)]
  0x000001f5f30be000 JavaThread "jar transforms Thread 51" [_thread_blocked, id=18000, stack(0x0000007c0eb00000,0x0000007c0ec00000)]
  0x000001f5f30be800 JavaThread "jar transforms Thread 52" [_thread_blocked, id=39316, stack(0x0000007c0ec00000,0x0000007c0ed00000)]
  0x000001f5f30c2000 JavaThread "jar transforms Thread 53" [_thread_blocked, id=24180, stack(0x0000007c0ed00000,0x0000007c0ee00000)]
  0x000001f5f30bc000 JavaThread "jar transforms Thread 54" [_thread_blocked, id=11724, stack(0x0000007c0ee00000,0x0000007c0ef00000)]
  0x000001f5f30c2800 JavaThread "jar transforms Thread 55" [_thread_blocked, id=21468, stack(0x0000007c0ef00000,0x0000007c0f000000)]
  0x000001f5f30bd000 JavaThread "jar transforms Thread 56" [_thread_blocked, id=24552, stack(0x0000007c0f000000,0x0000007c0f100000)]
  0x000001f5f30c3800 JavaThread "jar transforms Thread 57" [_thread_blocked, id=42700, stack(0x0000007c0f100000,0x0000007c0f200000)]
  0x000001f5f30c4800 JavaThread "jar transforms Thread 58" [_thread_blocked, id=32952, stack(0x0000007c0f200000,0x0000007c0f300000)]
  0x000001f5f30c9000 JavaThread "jar transforms Thread 59" [_thread_blocked, id=36356, stack(0x0000007c0f300000,0x0000007c0f400000)]
  0x000001f5f30c6000 JavaThread "jar transforms Thread 60" [_thread_blocked, id=6524, stack(0x0000007c0f400000,0x0000007c0f500000)]
  0x000001f5f30c7000 JavaThread "jar transforms Thread 61" [_thread_blocked, id=20608, stack(0x0000007c0f500000,0x0000007c0f600000)]
  0x000001f5f30c7800 JavaThread "jar transforms Thread 62" [_thread_blocked, id=38480, stack(0x0000007c0f600000,0x0000007c0f700000)]
  0x000001f5f30c8800 JavaThread "jar transforms Thread 63" [_thread_blocked, id=23384, stack(0x0000007c0f700000,0x0000007c0f800000)]
  0x000001f5f30c5000 JavaThread "jar transforms Thread 64" [_thread_blocked, id=20656, stack(0x0000007c0f800000,0x0000007c0f900000)]
  0x000001f5ef342800 JavaThread "jar transforms Thread 65" [_thread_blocked, id=38676, stack(0x0000007c0f900000,0x0000007c0fa00000)]
  0x000001f5ef33d800 JavaThread "jar transforms Thread 66" [_thread_blocked, id=24424, stack(0x0000007c0fa00000,0x0000007c0fb00000)]
  0x000001f5ef344000 JavaThread "jar transforms Thread 67" [_thread_blocked, id=21940, stack(0x0000007c0fb00000,0x0000007c0fc00000)]
  0x000001f5ef33f000 JavaThread "jar transforms Thread 68" [_thread_blocked, id=22164, stack(0x0000007c0fc00000,0x0000007c0fd00000)]
  0x000001f5ef343000 JavaThread "jar transforms Thread 69" [_thread_blocked, id=10064, stack(0x0000007c0fd00000,0x0000007c0fe00000)]
  0x000001f5ef340800 JavaThread "jar transforms Thread 70" [_thread_blocked, id=27256, stack(0x0000007c0fe00000,0x0000007c0ff00000)]
  0x000001f5ef341800 JavaThread "jar transforms Thread 71" [_thread_blocked, id=35500, stack(0x0000007c0ff00000,0x0000007c10000000)]
  0x000001f5ef33e800 JavaThread "jar transforms Thread 72" [_thread_blocked, id=13688, stack(0x0000007c10000000,0x0000007c10100000)]
  0x000001f5ef345000 JavaThread "jar transforms Thread 73" [_thread_blocked, id=30752, stack(0x0000007c10100000,0x0000007c10200000)]
  0x000001f5ef345800 JavaThread "jar transforms Thread 74" [_thread_blocked, id=40768, stack(0x0000007c10200000,0x0000007c10300000)]
  0x000001f5ef340000 JavaThread "jar transforms Thread 75" [_thread_blocked, id=32764, stack(0x0000007c10300000,0x0000007c10400000)]
  0x000001f5ef34b800 JavaThread "jar transforms Thread 76" [_thread_blocked, id=6536, stack(0x0000007c10400000,0x0000007c10500000)]
  0x000001f5ef347000 JavaThread "jar transforms Thread 77" [_thread_blocked, id=36568, stack(0x0000007c10500000,0x0000007c10600000)]
  0x000001f5ef34a800 JavaThread "jar transforms Thread 78" [_thread_blocked, id=28128, stack(0x0000007c10600000,0x0000007c10700000)]
  0x000001f5ef34c000 JavaThread "jar transforms Thread 79" [_thread_blocked, id=40320, stack(0x0000007c10700000,0x0000007c10800000)]
  0x000001f5ef346800 JavaThread "jar transforms Thread 80" [_thread_blocked, id=41212, stack(0x0000007c10800000,0x0000007c10900000)]
  0x000001f5ef348000 JavaThread "jar transforms Thread 81" [_thread_blocked, id=40488, stack(0x0000007c10900000,0x0000007c10a00000)]
  0x000001f5ef349000 JavaThread "jar transforms Thread 82" [_thread_blocked, id=41008, stack(0x0000007c10a00000,0x0000007c10b00000)]
  0x000001f5ef349800 JavaThread "jar transforms Thread 83" [_thread_blocked, id=41908, stack(0x0000007c10b00000,0x0000007c10c00000)]
  0x000001f5f1438000 JavaThread "jar transforms Thread 84" [_thread_blocked, id=35904, stack(0x0000007c10c00000,0x0000007c10d00000)]
  0x000001f5f1433000 JavaThread "jar transforms Thread 85" [_thread_blocked, id=20860, stack(0x0000007c10d00000,0x0000007c10e00000)]
  0x000001f5f1432000 JavaThread "jar transforms Thread 86" [_thread_blocked, id=31080, stack(0x0000007c10e00000,0x0000007c10f00000)]
  0x000001f5f1434800 JavaThread "jar transforms Thread 87" [_thread_blocked, id=17760, stack(0x0000007c10f00000,0x0000007c11000000)]
  0x000001f5f1435800 JavaThread "jar transforms Thread 88" [_thread_blocked, id=36636, stack(0x0000007c11000000,0x0000007c11100000)]
  0x000001f5f1437000 JavaThread "jar transforms Thread 89" [_thread_blocked, id=36188, stack(0x0000007c11100000,0x0000007c11200000)]
  0x000001f5f1434000 JavaThread "jar transforms Thread 90" [_thread_blocked, id=12516, stack(0x0000007c11200000,0x0000007c11300000)]
  0x000001f5f143b000 JavaThread "jar transforms Thread 91" [_thread_blocked, id=32868, stack(0x0000007c11300000,0x0000007c11400000)]
  0x000001f5f143c000 JavaThread "jar transforms Thread 92" [_thread_blocked, id=37876, stack(0x0000007c11400000,0x0000007c11500000)]
  0x000001f5f1438800 JavaThread "jar transforms Thread 93" [_thread_blocked, id=19812, stack(0x0000007c11500000,0x0000007c11600000)]
  0x000001f5f1436800 JavaThread "jar transforms Thread 94" [_thread_blocked, id=41064, stack(0x0000007c11600000,0x0000007c11700000)]
  0x000001f5f143f800 JavaThread "jar transforms Thread 95" [_thread_blocked, id=10520, stack(0x0000007c11700000,0x0000007c11800000)]
  0x000001f5f143e800 JavaThread "jar transforms Thread 96" [_thread_blocked, id=21960, stack(0x0000007c11800000,0x0000007c11900000)]
  0x000001f5f143d800 JavaThread "jar transforms Thread 97" [_thread_blocked, id=16276, stack(0x0000007c11900000,0x0000007c11a00000)]
  0x000001f5f1439800 JavaThread "jar transforms Thread 98" [_thread_blocked, id=35728, stack(0x0000007c11a00000,0x0000007c11b00000)]
  0x000001f5f143d000 JavaThread "jar transforms Thread 99" [_thread_blocked, id=44004, stack(0x0000007c11b00000,0x0000007c11c00000)]
  0x000001f5eefea000 JavaThread "Memory manager" [_thread_blocked, id=2464, stack(0x0000007c11d00000,0x0000007c11e00000)]
  0x000001f5f6754000 JavaThread "build event listener" [_thread_blocked, id=12688, stack(0x0000007c11e00000,0x0000007c11f00000)]
  0x000001f5f6758000 JavaThread "build event listener" [_thread_blocked, id=37872, stack(0x0000007c11f00000,0x0000007c12000000)]
  0x000001f5f6759000 JavaThread "Execution worker for ':'" [_thread_blocked, id=30524, stack(0x0000007c12000000,0x0000007c12100000)]
  0x000001f5f6755000 JavaThread "Execution worker for ':' Thread 2" [_thread_blocked, id=27960, stack(0x0000007c12100000,0x0000007c12200000)]
  0x000001f5f6753800 JavaThread "Execution worker for ':' Thread 3" [_thread_blocked, id=24316, stack(0x0000007c12200000,0x0000007c12300000)]
  0x000001f5f675a000 JavaThread "Execution worker for ':' Thread 4" [_thread_blocked, id=31612, stack(0x0000007c12300000,0x0000007c12400000)]
  0x000001f5f6755800 JavaThread "Execution worker for ':' Thread 5" [_thread_blocked, id=6484, stack(0x0000007c12400000,0x0000007c12500000)]
  0x000001f5f675c800 JavaThread "Execution worker for ':' Thread 6" [_thread_blocked, id=25328, stack(0x0000007c12500000,0x0000007c12600000)]
  0x000001f5f675a800 JavaThread "Execution worker for ':' Thread 7" [_thread_blocked, id=33524, stack(0x0000007c12600000,0x0000007c12700000)]
  0x000001f5f675b800 JavaThread "Cache worker for execution history cache (C:\Users\ka030\Desktop\safechildren\.gradle\6.7.1\executionHistory)" [_thread_blocked, id=41000, stack(0x0000007c12700000,0x0000007c12800000)]
  0x000001f5f6756800 JavaThread "C2 CompilerThread1" daemon [_thread_in_native, id=37052, stack(0x0000007c0ac00000,0x0000007c0ad00000)]
  0x000001f5f675d000 JavaThread "C2 CompilerThread2" daemon [_thread_in_native, id=10236, stack(0x0000007c11c00000,0x0000007c11d00000)]

Other Threads:
=>0x000001f5ee2ef000 VMThread "VM Thread" [stack: 0x0000007c08700000,0x0000007c08800000] [id=42440]
  0x000001f5eedff000 WatcherThread [stack: 0x0000007c09100000,0x0000007c09200000] [id=19296]
  0x000001f5d3843800 GCTaskThread "GC Thread#0" [stack: 0x0000007c08200000,0x0000007c08300000] [id=39132]
  0x000001f5efc19000 GCTaskThread "GC Thread#1" [stack: 0x0000007c09300000,0x0000007c09400000] [id=39220]
  0x000001f5ef8ef800 GCTaskThread "GC Thread#2" [stack: 0x0000007c09400000,0x0000007c09500000] [id=29372]
  0x000001f5f03d5000 GCTaskThread "GC Thread#3" [stack: 0x0000007c0a000000,0x0000007c0a100000] [id=8852]
  0x000001f5f1596000 GCTaskThread "GC Thread#4" [stack: 0x0000007c0a100000,0x0000007c0a200000] [id=34456]
  0x000001f5f0ce2800 GCTaskThread "GC Thread#5" [stack: 0x0000007c0a200000,0x0000007c0a300000] [id=36280]
  0x000001f5ef0a5000 GCTaskThread "GC Thread#6" [stack: 0x0000007c0a300000,0x0000007c0a400000] [id=26956]
  0x000001f5ef026800 GCTaskThread "GC Thread#7" [stack: 0x0000007c0a400000,0x0000007c0a500000] [id=23464]
  0x000001f5d3874000 ConcurrentGCThread "G1 Main Marker" [stack: 0x0000007c08300000,0x0000007c08400000] [id=36836]
  0x000001f5d3876800 ConcurrentGCThread "G1 Conc#0" [stack: 0x0000007c08400000,0x0000007c08500000] [id=39324]
  0x000001f5ef1f6800 ConcurrentGCThread "G1 Conc#1" [stack: 0x0000007c0a700000,0x0000007c0a800000] [id=35284]
  0x000001f5ee140800 ConcurrentGCThread "G1 Refine#0" [stack: 0x0000007c08500000,0x0000007c08600000] [id=16048]
  0x000001f5f452c000 ConcurrentGCThread "G1 Refine#1" [stack: 0x0000007c12800000,0x0000007c12900000] [id=27576]
  0x000001f5ee141800 ConcurrentGCThread "G1 Young RemSet Sampling" [stack: 0x0000007c08600000,0x0000007c08700000] [id=26284]

Threads with active compile tasks:
C2 CompilerThread0  40961 10497  s!   4       jdk.internal.loader.URLClassPath::getLoader (194 bytes)
C1 CompilerThread0  40961 10907       2       com.android.tools.r8.v.b.w1::G (57 bytes)
C2 CompilerThread1  40961 9957       4       com.android.tools.r8.C.a.a.f::a (4333 bytes)
C2 CompilerThread2  40961 10058 %     4       com.android.tools.r8.C.a.a.f::a @ 66 (6058 bytes)

VM state:at safepoint (normal execution)

VM Mutex/Monitor currently owned by a thread:  ([mutex/lock_event])
[0x000001f5d3829300] Threads_lock - owner thread: 0x000001f5ee2ef000
[0x000001f5d3828b20] Heap_lock - owner thread: 0x000001f5eeff1800

Heap address: 0x0000000080000000, size: 2048 MB, Compressed Oops mode: 32-bit
Narrow klass base: 0x0000000000000000, Narrow klass shift: 3
Compressed class space size: 1073741824 Address: 0x0000000100000000

Heap:
 garbage-first heap   total 520192K, used 138572K [0x0000000080000000, 0x0000000100000000)
  region size 1024K, 2 young (2048K), 2 survivors (2048K)
 Metaspace       used 85871K, capacity 88141K, committed 88396K, reserved 1126400K
  class space    used 11259K, capacity 12061K, committed 12108K, reserved 1048576K
Heap Regions: E=young(eden), S=young(survivor), O=old, HS=humongous(starts), HC=humongous(continues), CS=collection set, F=free, A=archive, TAMS=top-at-mark-start (previous, next)
|   0|0x0000000080000000, 0x0000000080100000, 0x0000000080100000|100%| O|  |TAMS 0x0000000080100000, 0x0000000080100000| Untracked 
|   1|0x0000000080100000, 0x0000000080200000, 0x0000000080200000|100%| O|  |TAMS 0x0000000080200000, 0x0000000080200000| Untracked 
|   2|0x0000000080200000, 0x0000000080300000, 0x0000000080300000|100%| O|  |TAMS 0x0000000080300000, 0x0000000080300000| Untracked 
|   3|0x0000000080300000, 0x0000000080400000, 0x0000000080400000|100%|HS|  |TAMS 0x0000000080400000, 0x0000000080400000| Complete 
|   4|0x0000000080400000, 0x0000000080500000, 0x0000000080500000|100%|HC|  |TAMS 0x0000000080500000, 0x0000000080500000| Complete 
|   5|0x0000000080500000, 0x0000000080600000, 0x0000000080600000|100%|HC|  |TAMS 0x0000000080600000, 0x0000000080600000| Complete 
|   6|0x0000000080600000, 0x0000000080700000, 0x0000000080700000|100%| O|  |TAMS 0x0000000080700000, 0x0000000080700000| Untracked 
|   7|0x0000000080700000, 0x0000000080800000, 0x0000000080800000|100%| O|  |TAMS 0x0000000080800000, 0x0000000080800000| Untracked 
|   8|0x0000000080800000, 0x0000000080900000, 0x0000000080900000|100%| O|  |TAMS 0x0000000080900000, 0x0000000080900000| Untracked 
|   9|0x0000000080900000, 0x0000000080a00000, 0x0000000080a00000|100%| O|  |TAMS 0x0000000080a00000, 0x0000000080a00000| Untracked 
|  10|0x0000000080a00000, 0x0000000080b00000, 0x0000000080b00000|100%| O|  |TAMS 0x0000000080b00000, 0x0000000080b00000| Untracked 
|  11|0x0000000080b00000, 0x0000000080c00000, 0x0000000080c00000|100%| O|  |TAMS 0x0000000080c00000, 0x0000000080c00000| Untracked 
|  12|0x0000000080c00000, 0x0000000080d00000, 0x0000000080d00000|100%| O|  |TAMS 0x0000000080d00000, 0x0000000080d00000| Untracked 
|  13|0x0000000080d00000, 0x0000000080e00000, 0x0000000080e00000|100%| O|  |TAMS 0x0000000080e00000, 0x0000000080e00000| Untracked 
|  14|0x0000000080e00000, 0x0000000080f00000, 0x0000000080f00000|100%| O|  |TAMS 0x0000000080f00000, 0x0000000080f00000| Untracked 
|  15|0x0000000080f00000, 0x0000000081000000, 0x0000000081000000|100%| O|  |TAMS 0x0000000081000000, 0x0000000081000000| Untracked 
|  16|0x0000000081000000, 0x0000000081100000, 0x0000000081100000|100%| O|  |TAMS 0x0000000081100000, 0x0000000081100000| Untracked 
|  17|0x0000000081100000, 0x0000000081200000, 0x0000000081200000|100%| O|  |TAMS 0x0000000081200000, 0x0000000081200000| Untracked 
|  18|0x0000000081200000, 0x0000000081300000, 0x0000000081300000|100%| O|  |TAMS 0x0000000081300000, 0x0000000081300000| Untracked 
|  19|0x0000000081300000, 0x0000000081400000, 0x0000000081400000|100%|HS|  |TAMS 0x0000000081400000, 0x0000000081400000| Complete 
|  20|0x0000000081400000, 0x0000000081500000, 0x0000000081500000|100%| O|  |TAMS 0x0000000081500000, 0x0000000081500000| Untracked 
|  21|0x0000000081500000, 0x0000000081600000, 0x0000000081600000|100%| O|  |TAMS 0x0000000081600000, 0x0000000081600000| Untracked 
|  22|0x0000000081600000, 0x0000000081700000, 0x0000000081700000|100%|HS|  |TAMS 0x0000000081700000, 0x0000000081700000| Complete 
|  23|0x0000000081700000, 0x0000000081800000, 0x0000000081800000|100%|HC|  |TAMS 0x0000000081800000, 0x0000000081800000| Complete 
|  24|0x0000000081800000, 0x0000000081900000, 0x0000000081900000|100%| O|  |TAMS 0x0000000081900000, 0x0000000081900000| Untracked 
|  25|0x0000000081900000, 0x0000000081a00000, 0x0000000081a00000|100%| O|  |TAMS 0x0000000081a00000, 0x0000000081a00000| Untracked 
|  26|0x0000000081a00000, 0x0000000081b00000, 0x0000000081b00000|100%| O|  |TAMS 0x0000000081b00000, 0x0000000081b00000| Untracked 
|  27|0x0000000081b00000, 0x0000000081c00000, 0x0000000081c00000|100%| O|  |TAMS 0x0000000081c00000, 0x0000000081c00000| Untracked 
|  28|0x0000000081c00000, 0x0000000081d00000, 0x0000000081d00000|100%| O|  |TAMS 0x0000000081d00000, 0x0000000081d00000| Untracked 
|  29|0x0000000081d00000, 0x0000000081e00000, 0x0000000081e00000|100%| O|  |TAMS 0x0000000081e00000, 0x0000000081e00000| Untracked 
|  30|0x0000000081e00000, 0x0000000081f00000, 0x0000000081f00000|100%| O|  |TAMS 0x0000000081f00000, 0x0000000081f00000| Untracked 
|  31|0x0000000081f00000, 0x0000000082000000, 0x0000000082000000|100%| O|  |TAMS 0x0000000082000000, 0x0000000082000000| Untracked 
|  32|0x0000000082000000, 0x0000000082100000, 0x0000000082100000|100%| O|  |TAMS 0x0000000082100000, 0x0000000082100000| Untracked 
|  33|0x0000000082100000, 0x0000000082200000, 0x0000000082200000|100%| O|  |TAMS 0x0000000082200000, 0x0000000082200000| Untracked 
|  34|0x0000000082200000, 0x0000000082300000, 0x0000000082300000|100%| O|  |TAMS 0x0000000082300000, 0x0000000082300000| Untracked 
|  35|0x0000000082300000, 0x0000000082400000, 0x0000000082400000|100%| O|  |TAMS 0x0000000082400000, 0x0000000082400000| Untracked 
|  36|0x0000000082400000, 0x0000000082500000, 0x0000000082500000|100%| O|  |TAMS 0x0000000082500000, 0x0000000082500000| Untracked 
|  37|0x0000000082500000, 0x0000000082600000, 0x0000000082600000|100%| O|  |TAMS 0x0000000082600000, 0x0000000082600000| Untracked 
|  38|0x0000000082600000, 0x0000000082700000, 0x0000000082700000|100%| O|  |TAMS 0x0000000082700000, 0x0000000082700000| Untracked 
|  39|0x0000000082700000, 0x0000000082800000, 0x0000000082800000|100%| O|  |TAMS 0x0000000082800000, 0x0000000082800000| Untracked 
|  40|0x0000000082800000, 0x0000000082900000, 0x0000000082900000|100%| O|  |TAMS 0x0000000082900000, 0x0000000082900000| Untracked 
|  41|0x0000000082900000, 0x0000000082a00000, 0x0000000082a00000|100%| O|  |TAMS 0x0000000082a00000, 0x0000000082a00000| Untracked 
|  42|0x0000000082a00000, 0x0000000082b00000, 0x0000000082b00000|100%| O|  |TAMS 0x0000000082b00000, 0x0000000082b00000| Untracked 
|  43|0x0000000082b00000, 0x0000000082c00000, 0x0000000082c00000|100%| O|  |TAMS 0x0000000082c00000, 0x0000000082c00000| Untracked 
|  44|0x0000000082c00000, 0x0000000082d00000, 0x0000000082d00000|100%| O|  |TAMS 0x0000000082d00000, 0x0000000082d00000| Untracked 
|  45|0x0000000082d00000, 0x0000000082e00000, 0x0000000082e00000|100%| O|  |TAMS 0x0000000082e00000, 0x0000000082e00000| Untracked 
|  46|0x0000000082e00000, 0x0000000082f00000, 0x0000000082f00000|100%| O|  |TAMS 0x0000000082f00000, 0x0000000082f00000| Untracked 
|  47|0x0000000082f00000, 0x0000000083000000, 0x0000000083000000|100%| O|  |TAMS 0x0000000083000000, 0x0000000083000000| Untracked 
|  48|0x0000000083000000, 0x0000000083100000, 0x0000000083100000|100%| O|  |TAMS 0x0000000083100000, 0x0000000083100000| Untracked 
|  49|0x0000000083100000, 0x0000000083200000, 0x0000000083200000|100%| O|  |TAMS 0x0000000083200000, 0x0000000083200000| Untracked 
|  50|0x0000000083200000, 0x0000000083300000, 0x0000000083300000|100%| O|  |TAMS 0x0000000083300000, 0x0000000083300000| Untracked 
|  51|0x0000000083300000, 0x0000000083400000, 0x0000000083400000|100%| O|  |TAMS 0x0000000083400000, 0x0000000083400000| Untracked 
|  52|0x0000000083400000, 0x0000000083500000, 0x0000000083500000|100%| O|  |TAMS 0x0000000083500000, 0x0000000083500000| Untracked 
|  53|0x0000000083500000, 0x0000000083600000, 0x0000000083600000|100%| O|  |TAMS 0x0000000083600000, 0x0000000083600000| Untracked 
|  54|0x0000000083600000, 0x0000000083700000, 0x0000000083700000|100%| O|  |TAMS 0x0000000083700000, 0x0000000083700000| Untracked 
|  55|0x0000000083700000, 0x0000000083800000, 0x0000000083800000|100%| O|  |TAMS 0x0000000083800000, 0x0000000083800000| Untracked 
|  56|0x0000000083800000, 0x0000000083900000, 0x0000000083900000|100%| O|  |TAMS 0x0000000083900000, 0x0000000083900000| Untracked 
|  57|0x0000000083900000, 0x0000000083a00000, 0x0000000083a00000|100%| O|  |TAMS 0x0000000083a00000, 0x0000000083a00000| Untracked 
|  58|0x0000000083a00000, 0x0000000083b00000, 0x0000000083b00000|100%| O|  |TAMS 0x0000000083b00000, 0x0000000083b00000| Untracked 
|  59|0x0000000083b00000, 0x0000000083c00000, 0x0000000083c00000|100%| O|  |TAMS 0x0000000083c00000, 0x0000000083c00000| Untracked 
|  60|0x0000000083c00000, 0x0000000083d00000, 0x0000000083d00000|100%| O|  |TAMS 0x0000000083d00000, 0x0000000083d00000| Untracked 
|  61|0x0000000083d00000, 0x0000000083e00000, 0x0000000083e00000|100%| O|  |TAMS 0x0000000083e00000, 0x0000000083e00000| Untracked 
|  62|0x0000000083e00000, 0x0000000083f00000, 0x0000000083f00000|100%| O|  |TAMS 0x0000000083f00000, 0x0000000083f00000| Untracked 
|  63|0x0000000083f00000, 0x0000000084000000, 0x0000000084000000|100%| O|  |TAMS 0x0000000084000000, 0x0000000084000000| Untracked 
|  64|0x0000000084000000, 0x0000000084100000, 0x0000000084100000|100%| O|  |TAMS 0x0000000084100000, 0x0000000084100000| Untracked 
|  65|0x0000000084100000, 0x0000000084200000, 0x0000000084200000|100%| O|  |TAMS 0x0000000084200000, 0x0000000084200000| Untracked 
|  66|0x0000000084200000, 0x0000000084300000, 0x0000000084300000|100%| O|  |TAMS 0x0000000084300000, 0x0000000084300000| Untracked 
|  67|0x0000000084300000, 0x0000000084400000, 0x0000000084400000|100%| O|  |TAMS 0x0000000084400000, 0x0000000084400000| Untracked 
|  68|0x0000000084400000, 0x0000000084500000, 0x0000000084500000|100%| O|  |TAMS 0x0000000084500000, 0x0000000084500000| Untracked 
|  69|0x0000000084500000, 0x0000000084600000, 0x0000000084600000|100%| O|  |TAMS 0x0000000084600000, 0x0000000084600000| Untracked 
|  70|0x0000000084600000, 0x0000000084700000, 0x0000000084700000|100%| O|  |TAMS 0x0000000084700000, 0x0000000084700000| Untracked 
|  71|0x0000000084700000, 0x0000000084800000, 0x0000000084800000|100%| O|  |TAMS 0x0000000084800000, 0x0000000084800000| Untracked 
|  72|0x0000000084800000, 0x0000000084900000, 0x0000000084900000|100%| O|  |TAMS 0x0000000084900000, 0x0000000084900000| Untracked 
|  73|0x0000000084900000, 0x0000000084a00000, 0x0000000084a00000|100%| O|  |TAMS 0x0000000084a00000, 0x0000000084a00000| Untracked 
|  74|0x0000000084a00000, 0x0000000084b00000, 0x0000000084b00000|100%| O|  |TAMS 0x0000000084b00000, 0x0000000084b00000| Untracked 
|  75|0x0000000084b00000, 0x0000000084c00000, 0x0000000084c00000|100%| O|  |TAMS 0x0000000084c00000, 0x0000000084c00000| Untracked 
|  76|0x0000000084c00000, 0x0000000084d00000, 0x0000000084d00000|100%| O|  |TAMS 0x0000000084d00000, 0x0000000084d00000| Untracked 
|  77|0x0000000084d00000, 0x0000000084e00000, 0x0000000084e00000|100%| O|  |TAMS 0x0000000084e00000, 0x0000000084e00000| Untracked 
|  78|0x0000000084e00000, 0x0000000084f00000, 0x0000000084f00000|100%| O|  |TAMS 0x0000000084f00000, 0x0000000084f00000| Untracked 
|  79|0x0000000084f00000, 0x0000000085000000, 0x0000000085000000|100%| O|  |TAMS 0x0000000085000000, 0x0000000085000000| Untracked 
|  80|0x0000000085000000, 0x0000000085100000, 0x0000000085100000|100%| O|  |TAMS 0x0000000085100000, 0x0000000085100000| Untracked 
|  81|0x0000000085100000, 0x0000000085200000, 0x0000000085200000|100%| O|  |TAMS 0x0000000085200000, 0x0000000085200000| Untracked 
|  82|0x0000000085200000, 0x0000000085300000, 0x0000000085300000|100%| O|  |TAMS 0x0000000085300000, 0x0000000085300000| Untracked 
|  83|0x0000000085300000, 0x0000000085400000, 0x0000000085400000|100%| O|  |TAMS 0x0000000085400000, 0x0000000085400000| Untracked 
|  84|0x0000000085400000, 0x0000000085500000, 0x0000000085500000|100%| O|  |TAMS 0x0000000085500000, 0x0000000085500000| Untracked 
|  85|0x0000000085500000, 0x0000000085600000, 0x0000000085600000|100%| O|  |TAMS 0x0000000085600000, 0x0000000085600000| Untracked 
|  86|0x0000000085600000, 0x0000000085700000, 0x0000000085700000|100%| O|  |TAMS 0x0000000085700000, 0x0000000085700000| Untracked 
|  87|0x0000000085700000, 0x0000000085800000, 0x0000000085800000|100%| O|  |TAMS 0x0000000085800000, 0x0000000085800000| Untracked 
|  88|0x0000000085800000, 0x0000000085900000, 0x0000000085900000|100%| O|  |TAMS 0x0000000085900000, 0x0000000085900000| Untracked 
|  89|0x0000000085900000, 0x0000000085a00000, 0x0000000085a00000|100%| O|  |TAMS 0x0000000085a00000, 0x0000000085a00000| Untracked 
|  90|0x0000000085a00000, 0x0000000085b00000, 0x0000000085b00000|100%| O|  |TAMS 0x0000000085b00000, 0x0000000085b00000| Untracked 
|  91|0x0000000085b00000, 0x0000000085c00000, 0x0000000085c00000|100%| O|  |TAMS 0x0000000085c00000, 0x0000000085c00000| Untracked 
|  92|0x0000000085c00000, 0x0000000085d00000, 0x0000000085d00000|100%| O|  |TAMS 0x0000000085d00000, 0x0000000085d00000| Untracked 
|  93|0x0000000085d00000, 0x0000000085e00000, 0x0000000085e00000|100%| O|  |TAMS 0x0000000085e00000, 0x0000000085e00000| Untracked 
|  94|0x0000000085e00000, 0x0000000085f00000, 0x0000000085f00000|100%| O|  |TAMS 0x0000000085f00000, 0x0000000085f00000| Untracked 
|  95|0x0000000085f00000, 0x0000000086000000, 0x0000000086000000|100%| O|  |TAMS 0x0000000086000000, 0x0000000086000000| Untracked 
|  96|0x0000000086000000, 0x0000000086100000, 0x0000000086100000|100%| O|  |TAMS 0x0000000086100000, 0x0000000086100000| Untracked 
|  97|0x0000000086100000, 0x0000000086200000, 0x0000000086200000|100%| O|  |TAMS 0x0000000086200000, 0x0000000086200000| Untracked 
|  98|0x0000000086200000, 0x0000000086300000, 0x0000000086300000|100%| O|  |TAMS 0x0000000086300000, 0x0000000086300000| Untracked 
|  99|0x0000000086300000, 0x0000000086400000, 0x0000000086400000|100%| O|  |TAMS 0x0000000086400000, 0x0000000086400000| Untracked 
| 100|0x0000000086400000, 0x0000000086500000, 0x0000000086500000|100%| O|  |TAMS 0x0000000086500000, 0x0000000086500000| Untracked 
| 101|0x0000000086500000, 0x0000000086600000, 0x0000000086600000|100%| O|  |TAMS 0x0000000086600000, 0x0000000086600000| Untracked 
| 102|0x0000000086600000, 0x0000000086700000, 0x0000000086700000|100%| O|  |TAMS 0x0000000086700000, 0x0000000086700000| Untracked 
| 103|0x0000000086700000, 0x0000000086800000, 0x0000000086800000|100%| O|  |TAMS 0x0000000086800000, 0x0000000086800000| Untracked 
| 104|0x0000000086800000, 0x0000000086900000, 0x0000000086900000|100%| O|  |TAMS 0x0000000086900000, 0x0000000086900000| Untracked 
| 105|0x0000000086900000, 0x0000000086a00000, 0x0000000086a00000|100%| O|  |TAMS 0x0000000086a00000, 0x0000000086a00000| Untracked 
| 106|0x0000000086a00000, 0x0000000086b00000, 0x0000000086b00000|100%| O|  |TAMS 0x0000000086b00000, 0x0000000086b00000| Untracked 
| 107|0x0000000086b00000, 0x0000000086c00000, 0x0000000086c00000|100%| O|  |TAMS 0x0000000086b3a400, 0x0000000086c00000| Untracked 
| 108|0x0000000086c00000, 0x0000000086d00000, 0x0000000086d00000|100%| O|  |TAMS 0x0000000086c00000, 0x0000000086d00000| Untracked 
| 109|0x0000000086d00000, 0x0000000086e00000, 0x0000000086e00000|100%| O|  |TAMS 0x0000000086d00000, 0x0000000086e00000| Untracked 
| 110|0x0000000086e00000, 0x0000000086f00000, 0x0000000086f00000|100%| O|  |TAMS 0x0000000086e00000, 0x0000000086f00000| Untracked 
| 111|0x0000000086f00000, 0x0000000087000000, 0x0000000087000000|100%| O|  |TAMS 0x0000000086f00000, 0x0000000087000000| Untracked 
| 112|0x0000000087000000, 0x0000000087100000, 0x0000000087100000|100%| O|  |TAMS 0x0000000087000000, 0x0000000087100000| Untracked 
| 113|0x0000000087100000, 0x0000000087200000, 0x0000000087200000|100%| O|  |TAMS 0x0000000087100000, 0x0000000087200000| Untracked 
| 114|0x0000000087200000, 0x0000000087300000, 0x0000000087300000|100%| O|  |TAMS 0x0000000087200000, 0x0000000087300000| Untracked 
| 115|0x0000000087300000, 0x0000000087400000, 0x0000000087400000|100%| O|  |TAMS 0x0000000087300000, 0x0000000087400000| Untracked 
| 116|0x0000000087400000, 0x0000000087500000, 0x0000000087500000|100%| O|  |TAMS 0x0000000087400000, 0x0000000087500000| Untracked 
| 117|0x0000000087500000, 0x0000000087600000, 0x0000000087600000|100%| O|  |TAMS 0x0000000087500000, 0x0000000087600000| Untracked 
| 118|0x0000000087600000, 0x0000000087700000, 0x0000000087700000|100%| O|  |TAMS 0x0000000087600000, 0x0000000087700000| Untracked 
| 119|0x0000000087700000, 0x0000000087800000, 0x0000000087800000|100%| O|  |TAMS 0x0000000087700000, 0x0000000087800000| Untracked 
| 120|0x0000000087800000, 0x0000000087900000, 0x0000000087900000|100%| O|  |TAMS 0x0000000087800000, 0x0000000087900000| Untracked 
| 121|0x0000000087900000, 0x0000000087a00000, 0x0000000087a00000|100%| O|  |TAMS 0x0000000087900000, 0x0000000087a00000| Untracked 
| 122|0x0000000087a00000, 0x0000000087b00000, 0x0000000087b00000|100%| O|  |TAMS 0x0000000087a00000, 0x0000000087b00000| Untracked 
| 123|0x0000000087b00000, 0x0000000087c00000, 0x0000000087c00000|100%| O|  |TAMS 0x0000000087b00000, 0x0000000087c00000| Untracked 
| 124|0x0000000087c00000, 0x0000000087d00000, 0x0000000087d00000|100%| O|  |TAMS 0x0000000087c00000, 0x0000000087d00000| Untracked 
| 125|0x0000000087d00000, 0x0000000087e00000, 0x0000000087e00000|100%| O|  |TAMS 0x0000000087d00000, 0x0000000087e00000| Untracked 
| 126|0x0000000087e00000, 0x0000000087f00000, 0x0000000087f00000|100%| O|  |TAMS 0x0000000087e00000, 0x0000000087f00000| Untracked 
| 127|0x0000000087f00000, 0x0000000088000000, 0x0000000088000000|100%| O|  |TAMS 0x0000000087f00000, 0x0000000088000000| Untracked 
| 128|0x0000000088000000, 0x0000000088100000, 0x0000000088100000|100%| O|  |TAMS 0x0000000088000000, 0x0000000088100000| Untracked 
| 129|0x0000000088100000, 0x0000000088200000, 0x0000000088200000|100%| O|  |TAMS 0x0000000088100000, 0x0000000088200000| Untracked 
| 130|0x0000000088200000, 0x0000000088300000, 0x0000000088300000|100%| O|  |TAMS 0x0000000088200000, 0x0000000088300000| Untracked 
| 131|0x0000000088300000, 0x0000000088400000, 0x0000000088400000|100%| O|  |TAMS 0x0000000088300000, 0x0000000088400000| Untracked 
| 132|0x0000000088400000, 0x0000000088500000, 0x0000000088500000|100%| O|  |TAMS 0x0000000088400000, 0x0000000088500000| Untracked 
| 133|0x0000000088500000, 0x0000000088553000, 0x0000000088600000| 32%| O|  |TAMS 0x0000000088500000, 0x0000000088553000| Untracked 
| 134|0x0000000088600000, 0x0000000088600000, 0x0000000088700000|  0%| F|  |TAMS 0x0000000088600000, 0x0000000088600000| Untracked 
| 135|0x0000000088700000, 0x0000000088700000, 0x0000000088800000|  0%| F|  |TAMS 0x0000000088700000, 0x0000000088700000| Untracked 
| 136|0x0000000088800000, 0x0000000088800000, 0x0000000088900000|  0%| F|  |TAMS 0x0000000088800000, 0x0000000088800000| Untracked 
| 137|0x0000000088900000, 0x0000000088900000, 0x0000000088a00000|  0%| F|  |TAMS 0x0000000088900000, 0x0000000088900000| Untracked 
| 138|0x0000000088a00000, 0x0000000088a00000, 0x0000000088b00000|  0%| F|  |TAMS 0x0000000088a00000, 0x0000000088a00000| Untracked 
| 139|0x0000000088b00000, 0x0000000088b00000, 0x0000000088c00000|  0%| F|  |TAMS 0x0000000088b00000, 0x0000000088b00000| Untracked 
| 140|0x0000000088c00000, 0x0000000088c00000, 0x0000000088d00000|  0%| F|  |TAMS 0x0000000088c00000, 0x0000000088c00000| Untracked 
| 141|0x0000000088d00000, 0x0000000088d00000, 0x0000000088e00000|  0%| F|  |TAMS 0x0000000088d00000, 0x0000000088d00000| Untracked 
| 142|0x0000000088e00000, 0x0000000088e00000, 0x0000000088f00000|  0%| F|  |TAMS 0x0000000088e00000, 0x0000000088e00000| Untracked 
| 143|0x0000000088f00000, 0x0000000088f00000, 0x0000000089000000|  0%| F|  |TAMS 0x0000000088f00000, 0x0000000088f00000| Untracked 
| 144|0x0000000089000000, 0x0000000089000000, 0x0000000089100000|  0%| F|  |TAMS 0x0000000089000000, 0x0000000089000000| Untracked 
| 145|0x0000000089100000, 0x0000000089100000, 0x0000000089200000|  0%| F|  |TAMS 0x0000000089100000, 0x0000000089100000| Untracked 
| 146|0x0000000089200000, 0x0000000089200000, 0x0000000089300000|  0%| F|  |TAMS 0x0000000089200000, 0x0000000089200000| Untracked 
| 147|0x0000000089300000, 0x0000000089300000, 0x0000000089400000|  0%| F|  |TAMS 0x0000000089300000, 0x0000000089300000| Untracked 
| 148|0x0000000089400000, 0x0000000089400000, 0x0000000089500000|  0%| F|  |TAMS 0x0000000089400000, 0x0000000089400000| Untracked 
| 149|0x0000000089500000, 0x0000000089500000, 0x0000000089600000|  0%| F|  |TAMS 0x0000000089500000, 0x0000000089500000| Untracked 
| 150|0x0000000089600000, 0x0000000089600000, 0x0000000089700000|  0%| F|  |TAMS 0x0000000089600000, 0x0000000089600000| Untracked 
| 151|0x0000000089700000, 0x0000000089700000, 0x0000000089800000|  0%| F|  |TAMS 0x0000000089700000, 0x0000000089700000| Untracked 
| 152|0x0000000089800000, 0x0000000089800000, 0x0000000089900000|  0%| F|  |TAMS 0x0000000089800000, 0x0000000089800000| Untracked 
| 153|0x0000000089900000, 0x0000000089900000, 0x0000000089a00000|  0%| F|  |TAMS 0x0000000089900000, 0x0000000089900000| Untracked 
| 154|0x0000000089a00000, 0x0000000089a00000, 0x0000000089b00000|  0%| F|  |TAMS 0x0000000089a00000, 0x0000000089a00000| Untracked 
| 155|0x0000000089b00000, 0x0000000089b00000, 0x0000000089c00000|  0%| F|  |TAMS 0x0000000089b00000, 0x0000000089b00000| Untracked 
| 156|0x0000000089c00000, 0x0000000089c00000, 0x0000000089d00000|  0%| F|  |TAMS 0x0000000089c00000, 0x0000000089c00000| Untracked 
| 157|0x0000000089d00000, 0x0000000089d00000, 0x0000000089e00000|  0%| F|  |TAMS 0x0000000089d00000, 0x0000000089d00000| Untracked 
| 158|0x0000000089e00000, 0x0000000089e00000, 0x0000000089f00000|  0%| F|  |TAMS 0x0000000089e00000, 0x0000000089e00000| Untracked 
| 159|0x0000000089f00000, 0x0000000089f00000, 0x000000008a000000|  0%| F|  |TAMS 0x0000000089f00000, 0x0000000089f00000| Untracked 
| 160|0x000000008a000000, 0x000000008a000000, 0x000000008a100000|  0%| F|  |TAMS 0x000000008a000000, 0x000000008a000000| Untracked 
| 161|0x000000008a100000, 0x000000008a100000, 0x000000008a200000|  0%| F|  |TAMS 0x000000008a100000, 0x000000008a100000| Untracked 
| 162|0x000000008a200000, 0x000000008a200000, 0x000000008a300000|  0%| F|  |TAMS 0x000000008a200000, 0x000000008a200000| Untracked 
| 163|0x000000008a300000, 0x000000008a300000, 0x000000008a400000|  0%| F|  |TAMS 0x000000008a300000, 0x000000008a300000| Untracked 
| 164|0x000000008a400000, 0x000000008a400000, 0x000000008a500000|  0%| F|  |TAMS 0x000000008a400000, 0x000000008a400000| Untracked 
| 165|0x000000008a500000, 0x000000008a500000, 0x000000008a600000|  0%| F|  |TAMS 0x000000008a500000, 0x000000008a500000| Untracked 
| 166|0x000000008a600000, 0x000000008a600000, 0x000000008a700000|  0%| F|  |TAMS 0x000000008a600000, 0x000000008a600000| Untracked 
| 167|0x000000008a700000, 0x000000008a700000, 0x000000008a800000|  0%| F|  |TAMS 0x000000008a700000, 0x000000008a700000| Untracked 
| 168|0x000000008a800000, 0x000000008a800000, 0x000000008a900000|  0%| F|  |TAMS 0x000000008a800000, 0x000000008a800000| Untracked 
| 169|0x000000008a900000, 0x000000008a900000, 0x000000008aa00000|  0%| F|  |TAMS 0x000000008a900000, 0x000000008a900000| Untracked 
| 170|0x000000008aa00000, 0x000000008aa00000, 0x000000008ab00000|  0%| F|  |TAMS 0x000000008aa00000, 0x000000008aa00000| Untracked 
| 171|0x000000008ab00000, 0x000000008ab00000, 0x000000008ac00000|  0%| F|  |TAMS 0x000000008ab00000, 0x000000008ab00000| Untracked 
| 172|0x000000008ac00000, 0x000000008ac00000, 0x000000008ad00000|  0%| F|  |TAMS 0x000000008ac00000, 0x000000008ac00000| Untracked 
| 173|0x000000008ad00000, 0x000000008ad00000, 0x000000008ae00000|  0%| F|  |TAMS 0x000000008ad00000, 0x000000008ad00000| Untracked 
| 174|0x000000008ae00000, 0x000000008ae00000, 0x000000008af00000|  0%| F|  |TAMS 0x000000008ae00000, 0x000000008ae00000| Untracked 
| 175|0x000000008af00000, 0x000000008af00000, 0x000000008b000000|  0%| F|  |TAMS 0x000000008af00000, 0x000000008af00000| Untracked 
| 176|0x000000008b000000, 0x000000008b000000, 0x000000008b100000|  0%| F|  |TAMS 0x000000008b000000, 0x000000008b000000| Untracked 
| 177|0x000000008b100000, 0x000000008b100000, 0x000000008b200000|  0%| F|  |TAMS 0x000000008b100000, 0x000000008b100000| Untracked 
| 178|0x000000008b200000, 0x000000008b200000, 0x000000008b300000|  0%| F|  |TAMS 0x000000008b200000, 0x000000008b200000| Untracked 
| 179|0x000000008b300000, 0x000000008b300000, 0x000000008b400000|  0%| F|  |TAMS 0x000000008b300000, 0x000000008b300000| Untracked 
| 180|0x000000008b400000, 0x000000008b400000, 0x000000008b500000|  0%| F|  |TAMS 0x000000008b400000, 0x000000008b400000| Untracked 
| 181|0x000000008b500000, 0x000000008b500000, 0x000000008b600000|  0%| F|  |TAMS 0x000000008b500000, 0x000000008b500000| Untracked 
| 182|0x000000008b600000, 0x000000008b600000, 0x000000008b700000|  0%| F|  |TAMS 0x000000008b600000, 0x000000008b600000| Untracked 
| 183|0x000000008b700000, 0x000000008b800000, 0x000000008b800000|100%| S|CS|TAMS 0x000000008b700000, 0x000000008b700000| Complete 
| 184|0x000000008b800000, 0x000000008b900000, 0x000000008b900000|100%| S|CS|TAMS 0x000000008b800000, 0x000000008b800000| Complete 
| 185|0x000000008b900000, 0x000000008b900000, 0x000000008ba00000|  0%| F|  |TAMS 0x000000008b900000, 0x000000008b900000| Untracked 
| 186|0x000000008ba00000, 0x000000008ba00000, 0x000000008bb00000|  0%| F|  |TAMS 0x000000008ba00000, 0x000000008ba00000| Untracked 
| 187|0x000000008bb00000, 0x000000008bb00000, 0x000000008bc00000|  0%| F|  |TAMS 0x000000008bb00000, 0x000000008bb00000| Untracked 
| 188|0x000000008bc00000, 0x000000008bc00000, 0x000000008bd00000|  0%| F|  |TAMS 0x000000008bc00000, 0x000000008bc00000| Untracked 
| 189|0x000000008bd00000, 0x000000008bd00000, 0x000000008be00000|  0%| F|  |TAMS 0x000000008bd00000, 0x000000008bd00000| Untracked 
| 190|0x000000008be00000, 0x000000008be00000, 0x000000008bf00000|  0%| F|  |TAMS 0x000000008be00000, 0x000000008be00000| Untracked 
| 191|0x000000008bf00000, 0x000000008bf00000, 0x000000008c000000|  0%| F|  |TAMS 0x000000008bf00000, 0x000000008bf00000| Untracked 
| 192|0x000000008c000000, 0x000000008c000000, 0x000000008c100000|  0%| F|  |TAMS 0x000000008c000000, 0x000000008c000000| Untracked 
| 193|0x000000008c100000, 0x000000008c100000, 0x000000008c200000|  0%| F|  |TAMS 0x000000008c100000, 0x000000008c100000| Untracked 
| 194|0x000000008c200000, 0x000000008c200000, 0x000000008c300000|  0%| F|  |TAMS 0x000000008c200000, 0x000000008c200000| Untracked 
| 195|0x000000008c300000, 0x000000008c300000, 0x000000008c400000|  0%| F|  |TAMS 0x000000008c300000, 0x000000008c300000| Untracked 
| 196|0x000000008c400000, 0x000000008c400000, 0x000000008c500000|  0%| F|  |TAMS 0x000000008c400000, 0x000000008c400000| Untracked 
| 197|0x000000008c500000, 0x000000008c500000, 0x000000008c600000|  0%| F|  |TAMS 0x000000008c500000, 0x000000008c500000| Untracked 
| 198|0x000000008c600000, 0x000000008c600000, 0x000000008c700000|  0%| F|  |TAMS 0x000000008c600000, 0x000000008c600000| Untracked 
| 199|0x000000008c700000, 0x000000008c700000, 0x000000008c800000|  0%| F|  |TAMS 0x000000008c700000, 0x000000008c700000| Untracked 
| 200|0x000000008c800000, 0x000000008c800000, 0x000000008c900000|  0%| F|  |TAMS 0x000000008c800000, 0x000000008c800000| Untracked 
| 201|0x000000008c900000, 0x000000008c900000, 0x000000008ca00000|  0%| F|  |TAMS 0x000000008c900000, 0x000000008c900000| Untracked 
| 202|0x000000008ca00000, 0x000000008ca00000, 0x000000008cb00000|  0%| F|  |TAMS 0x000000008ca00000, 0x000000008ca00000| Untracked 
| 203|0x000000008cb00000, 0x000000008cb00000, 0x000000008cc00000|  0%| F|  |TAMS 0x000000008cb00000, 0x000000008cb00000| Untracked 
| 204|0x000000008cc00000, 0x000000008cc00000, 0x000000008cd00000|  0%| F|  |TAMS 0x000000008cc00000, 0x000000008cc00000| Untracked 
| 205|0x000000008cd00000, 0x000000008cd00000, 0x000000008ce00000|  0%| F|  |TAMS 0x000000008cd00000, 0x000000008cd00000| Untracked 
| 206|0x000000008ce00000, 0x000000008ce00000, 0x000000008cf00000|  0%| F|  |TAMS 0x000000008ce00000, 0x000000008ce00000| Untracked 
| 207|0x000000008cf00000, 0x000000008cf00000, 0x000000008d000000|  0%| F|  |TAMS 0x000000008cf00000, 0x000000008cf00000| Untracked 
| 208|0x000000008d000000, 0x000000008d000000, 0x000000008d100000|  0%| F|  |TAMS 0x000000008d000000, 0x000000008d000000| Untracked 
| 209|0x000000008d100000, 0x000000008d100000, 0x000000008d200000|  0%| F|  |TAMS 0x000000008d100000, 0x000000008d100000| Untracked 
| 210|0x000000008d200000, 0x000000008d200000, 0x000000008d300000|  0%| F|  |TAMS 0x000000008d200000, 0x000000008d200000| Untracked 
| 211|0x000000008d300000, 0x000000008d300000, 0x000000008d400000|  0%| F|  |TAMS 0x000000008d300000, 0x000000008d300000| Untracked 
| 212|0x000000008d400000, 0x000000008d400000, 0x000000008d500000|  0%| F|  |TAMS 0x000000008d400000, 0x000000008d400000| Untracked 
| 213|0x000000008d500000, 0x000000008d500000, 0x000000008d600000|  0%| F|  |TAMS 0x000000008d500000, 0x000000008d500000| Untracked 
| 214|0x000000008d600000, 0x000000008d600000, 0x000000008d700000|  0%| F|  |TAMS 0x000000008d600000, 0x000000008d600000| Untracked 
| 215|0x000000008d700000, 0x000000008d700000, 0x000000008d800000|  0%| F|  |TAMS 0x000000008d700000, 0x000000008d700000| Untracked 
| 216|0x000000008d800000, 0x000000008d800000, 0x000000008d900000|  0%| F|  |TAMS 0x000000008d800000, 0x000000008d800000| Untracked 
| 217|0x000000008d900000, 0x000000008d900000, 0x000000008da00000|  0%| F|  |TAMS 0x000000008d900000, 0x000000008d900000| Untracked 
| 218|0x000000008da00000, 0x000000008da00000, 0x000000008db00000|  0%| F|  |TAMS 0x000000008da00000, 0x000000008da00000| Untracked 
| 219|0x000000008db00000, 0x000000008db00000, 0x000000008dc00000|  0%| F|  |TAMS 0x000000008db00000, 0x000000008db00000| Untracked 
| 220|0x000000008dc00000, 0x000000008dc00000, 0x000000008dd00000|  0%| F|  |TAMS 0x000000008dc00000, 0x000000008dc00000| Untracked 
| 221|0x000000008dd00000, 0x000000008dd00000, 0x000000008de00000|  0%| F|  |TAMS 0x000000008dd00000, 0x000000008dd00000| Untracked 
| 222|0x000000008de00000, 0x000000008de00000, 0x000000008df00000|  0%| F|  |TAMS 0x000000008de00000, 0x000000008de00000| Untracked 

Card table byte_map: [0x000001f5e7020000,0x000001f5e7420000] _byte_map_base: 0x000001f5e6c20000

Marking Bits (Prev, Next): (CMBitMap*) 0x000001f5d386b550, (CMBitMap*) 0x000001f5d386b518
 Prev Bits: [0x000001f5e9820000, 0x000001f5eb820000)
 Next Bits: [0x000001f5e7820000, 0x000001f5e9820000)

Polling page: 0x000001f5d2000000

Metaspace:

Usage:
  Non-class:     74.30 MB capacity,    72.86 MB ( 98%) used,     1.20 MB (  2%) free+waste,   242.06 KB ( <1%) overhead. 
      Class:     11.78 MB capacity,    11.00 MB ( 93%) used,   689.80 KB (  6%) free+waste,   111.44 KB ( <1%) overhead. 
       Both:     86.08 MB capacity,    83.86 MB ( 97%) used,     1.87 MB (  2%) free+waste,   353.50 KB ( <1%) overhead. 

Virtual space:
  Non-class space:       76.00 MB reserved,      74.50 MB ( 98%) committed 
      Class space:        1.00 GB reserved,      11.82 MB (  1%) committed 
             Both:        1.07 GB reserved,      86.32 MB (  8%) committed 

Chunk freelists:
   Non-Class:  16.00 KB
       Class:  3.00 KB
        Both:  19.00 KB

MaxMetaspaceSize: 17179869184.00 GB
CompressedClassSpaceSize: 1.00 GB

CodeHeap 'non-profiled nmethods': size=120000Kb used=5949Kb max_used=5949Kb free=114050Kb
 bounds [0x000001f5dec80000, 0x000001f5df250000, 0x000001f5e61b0000]
CodeHeap 'profiled nmethods': size=120000Kb used=22499Kb max_used=22499Kb free=97500Kb
 bounds [0x000001f5d7750000, 0x000001f5d8d50000, 0x000001f5dec80000]
CodeHeap 'non-nmethods': size=5760Kb used=2263Kb max_used=2305Kb free=3496Kb
 bounds [0x000001f5d71b0000, 0x000001f5d7420000, 0x000001f5d7750000]
 total_blobs=11309 nmethods=10452 adapters=768
 compilation: enabled
              stopped_count=0, restarted_count=0
 full_count=0

Compilation events (20 events):
Event: 40.868 Thread 0x000001f5ee31f000 nmethod 10887 0x000001f5d8d47190 code [0x000001f5d8d47360, 0x000001f5d8d47528]
Event: 40.868 Thread 0x000001f5ee31f000 10890       2       com.android.tools.r8.ir.regalloc.a::g (12 bytes)
Event: 40.868 Thread 0x000001f5ee31f000 nmethod 10890 0x000001f5d8d47610 code [0x000001f5d8d477c0, 0x000001f5d8d478e8]
Event: 40.868 Thread 0x000001f5ee31f000 10891       2       com.android.tools.r8.ir.regalloc.a::e (65 bytes)
Event: 40.869 Thread 0x000001f5ee31f000 nmethod 10891 0x000001f5d8d47990 code [0x000001f5d8d47ba0, 0x000001f5d8d47ed8]
Event: 40.869 Thread 0x000001f5ee31f000 10892       2       com.android.tools.r8.v.b.q::remove (246 bytes)
Event: 40.871 Thread 0x000001f5ee31f000 nmethod 10892 0x000001f5d8d48090 code [0x000001f5d8d48360, 0x000001f5d8d48bf8]
Event: 40.871 Thread 0x000001f5ee31f000 10897       2       java.util.ArrayDeque::forEach (93 bytes)
Event: 40.872 Thread 0x000001f5ee31f000 nmethod 10897 0x000001f5d8d49190 code [0x000001f5d8d49380, 0x000001f5d8d49768]
Event: 40.872 Thread 0x000001f5ee31f000 10899       2       com.android.tools.r8.ir.conversion.S::j (49 bytes)
Event: 40.872 Thread 0x000001f5ee31f000 nmethod 10899 0x000001f5d8d49a10 code [0x000001f5d8d49be0, 0x000001f5d8d49fa8]
Event: 40.872 Thread 0x000001f5ee31f000 10901       2       com.android.tools.r8.w.a.a.a.f.m0::h (27 bytes)
Event: 40.873 Thread 0x000001f5ee31f000 nmethod 10901 0x000001f5d8d4a190 code [0x000001f5d8d4a340, 0x000001f5d8d4a518]
Event: 40.873 Thread 0x000001f5ee31f000 10900       2       java.util.BitSet::set (58 bytes)
Event: 40.874 Thread 0x000001f5ee31f000 nmethod 10900 0x000001f5d8d4a610 code [0x000001f5d8d4a840, 0x000001f5d8d4ad38]
Event: 40.874 Thread 0x000001f5ee31f000 10893       2       com.android.tools.r8.ir.conversion.L::a (41 bytes)
Event: 40.874 Thread 0x000001f5ee31f000 nmethod 10893 0x000001f5d8d4b010 code [0x000001f5d8d4b1e0, 0x000001f5d8d4b3f8]
Event: 40.874 Thread 0x000001f5ee31f000 10902       2       com.android.tools.r8.ir.conversion.D::e (8 bytes)
Event: 40.875 Thread 0x000001f5ee31f000 nmethod 10902 0x000001f5d8d4b510 code [0x000001f5d8d4b6c0, 0x000001f5d8d4b7e8]
Event: 40.875 Thread 0x000001f5ee31f000 10907       2       com.android.tools.r8.v.b.w1::G (57 bytes)

GC Heap History (20 events):
Event: 38.552 GC heap after
{Heap after GC invocations=28 (full 0):
 garbage-first heap   total 129024K, used 86124K [0x0000000080000000, 0x0000000100000000)
  region size 1024K, 4 young (4096K), 4 survivors (4096K)
 Metaspace       used 78967K, capacity 81020K, committed 81228K, reserved 1120256K
  class space    used 10291K, capacity 11003K, committed 11084K, reserved 1048576K
}
Event: 38.756 GC heap before
{Heap before GC invocations=28 (full 0):
 garbage-first heap   total 129024K, used 104556K [0x0000000080000000, 0x0000000100000000)
  region size 1024K, 23 young (23552K), 4 survivors (4096K)
 Metaspace       used 79658K, capacity 81879K, committed 82124K, reserved 1120256K
  class space    used 10403K, capacity 11147K, committed 11212K, reserved 1048576K
}
Event: 38.773 GC heap after
{Heap after GC invocations=29 (full 0):
 garbage-first heap   total 129024K, used 88942K [0x0000000080000000, 0x0000000100000000)
  region size 1024K, 3 young (3072K), 3 survivors (3072K)
 Metaspace       used 79658K, capacity 81879K, committed 82124K, reserved 1120256K
  class space    used 10403K, capacity 11147K, committed 11212K, reserved 1048576K
}
Event: 38.996 GC heap before
{Heap before GC invocations=30 (full 0):
 garbage-first heap   total 129024K, used 105326K [0x0000000080000000, 0x0000000100000000)
  region size 1024K, 20 young (20480K), 3 survivors (3072K)
 Metaspace       used 80495K, capacity 82661K, committed 83020K, reserved 1120256K
  class space    used 10499K, capacity 11236K, committed 11340K, reserved 1048576K
}
Event: 39.032 GC heap after
{Heap after GC invocations=31 (full 0):
 garbage-first heap   total 155648K, used 92241K [0x0000000080000000, 0x0000000100000000)
  region size 1024K, 3 young (3072K), 3 survivors (3072K)
 Metaspace       used 80495K, capacity 82661K, committed 83020K, reserved 1120256K
  class space    used 10499K, capacity 11236K, committed 11340K, reserved 1048576K
}
Event: 39.178 GC heap before
{Heap before GC invocations=31 (full 0):
 garbage-first heap   total 155648K, used 118865K [0x0000000080000000, 0x0000000100000000)
  region size 1024K, 29 young (29696K), 3 survivors (3072K)
 Metaspace       used 80945K, capacity 83134K, committed 83276K, reserved 1122304K
  class space    used 10552K, capacity 11283K, committed 11340K, reserved 1048576K
}
Event: 39.197 GC heap after
{Heap after GC invocations=32 (full 0):
 garbage-first heap   total 155648K, used 97961K [0x0000000080000000, 0x0000000100000000)
  region size 1024K, 4 young (4096K), 4 survivors (4096K)
 Metaspace       used 80945K, capacity 83134K, committed 83276K, reserved 1122304K
  class space    used 10552K, capacity 11283K, committed 11340K, reserved 1048576K
}
Event: 39.379 GC heap before
{Heap before GC invocations=32 (full 0):
 garbage-first heap   total 155648K, used 122537K [0x0000000080000000, 0x0000000100000000)
  region size 1024K, 28 young (28672K), 4 survivors (4096K)
 Metaspace       used 81260K, capacity 83324K, committed 83916K, reserved 1122304K
  class space    used 10572K, capacity 11276K, committed 11468K, reserved 1048576K
}
Event: 39.394 GC heap after
{Heap after GC invocations=33 (full 0):
 garbage-first heap   total 155648K, used 103206K [0x0000000080000000, 0x0000000100000000)
  region size 1024K, 4 young (4096K), 4 survivors (4096K)
 Metaspace       used 81260K, capacity 83324K, committed 83916K, reserved 1122304K
  class space    used 10572K, capacity 11276K, committed 11468K, reserved 1048576K
}
Event: 39.498 GC heap before
{Heap before GC invocations=34 (full 0):
 garbage-first heap   total 155648K, used 123686K [0x0000000080000000, 0x0000000100000000)
  region size 1024K, 25 young (25600K), 4 survivors (4096K)
 Metaspace       used 81616K, capacity 83676K, committed 84172K, reserved 1122304K
  class space    used 10602K, capacity 11308K, committed 11468K, reserved 1048576K
}
Event: 39.519 GC heap after
{Heap after GC invocations=35 (full 0):
 garbage-first heap   total 155648K, used 108329K [0x0000000080000000, 0x0000000100000000)
  region size 1024K, 4 young (4096K), 4 survivors (4096K)
 Metaspace       used 81616K, capacity 83676K, committed 84172K, reserved 1122304K
  class space    used 10602K, capacity 11308K, committed 11468K, reserved 1048576K
}
Event: 39.605 GC heap before
{Heap before GC invocations=35 (full 0):
 garbage-first heap   total 155648K, used 127785K [0x0000000080000000, 0x0000000100000000)
  region size 1024K, 23 young (23552K), 4 survivors (4096K)
 Metaspace       used 81909K, capacity 83998K, committed 84556K, reserved 1122304K
  class space    used 10649K, capacity 11372K, committed 11596K, reserved 1048576K
}
Event: 39.662 GC heap after
{Heap after GC invocations=36 (full 0):
 garbage-first heap   total 228352K, used 112873K [0x0000000080000000, 0x0000000100000000)
  region size 1024K, 3 young (3072K), 3 survivors (3072K)
 Metaspace       used 81909K, capacity 83998K, committed 84556K, reserved 1122304K
  class space    used 10649K, capacity 11372K, committed 11596K, reserved 1048576K
}
Event: 39.949 GC heap before
{Heap before GC invocations=36 (full 0):
 garbage-first heap   total 228352K, used 153833K [0x0000000080000000, 0x0000000100000000)
  region size 1024K, 44 young (45056K), 3 survivors (3072K)
 Metaspace       used 82593K, capacity 84678K, committed 85068K, reserved 1122304K
  class space    used 10719K, capacity 11435K, committed 11596K, reserved 1048576K
}
Event: 39.996 GC heap after
{Heap after GC invocations=37 (full 0):
 garbage-first heap   total 228352K, used 120551K [0x0000000080000000, 0x0000000100000000)
  region size 1024K, 6 young (6144K), 6 survivors (6144K)
 Metaspace       used 82593K, capacity 84678K, committed 85068K, reserved 1122304K
  class space    used 10719K, capacity 11435K, committed 11596K, reserved 1048576K
}
Event: 40.117 GC heap before
{Heap before GC invocations=37 (full 0):
 garbage-first heap   total 228352K, used 162535K [0x0000000080000000, 0x0000000100000000)
  region size 1024K, 47 young (48128K), 6 survivors (6144K)
 Metaspace       used 82759K, capacity 84850K, committed 85324K, reserved 1122304K
  class space    used 10745K, capacity 11471K, committed 11596K, reserved 1048576K
}
Event: 40.149 GC heap after
{Heap after GC invocations=38 (full 0):
 garbage-first heap   total 228352K, used 128550K [0x0000000080000000, 0x0000000100000000)
  region size 1024K, 6 young (6144K), 6 survivors (6144K)
 Metaspace       used 82759K, capacity 84850K, committed 85324K, reserved 1122304K
  class space    used 10745K, capacity 11471K, committed 11596K, reserved 1048576K
}
Event: 40.270 GC heap before
{Heap before GC invocations=39 (full 0):
 garbage-first heap   total 228352K, used 169510K [0x0000000080000000, 0x0000000100000000)
  region size 1024K, 46 young (47104K), 6 survivors (6144K)
 Metaspace       used 83050K, capacity 85172K, committed 85708K, reserved 1124352K
  class space    used 10800K, capacity 11535K, committed 11724K, reserved 1048576K
}
Event: 40.286 GC heap after
{Heap after GC invocations=40 (full 0):
 garbage-first heap   total 228352K, used 136010K [0x0000000080000000, 0x0000000100000000)
  region size 1024K, 6 young (6144K), 6 survivors (6144K)
 Metaspace       used 83050K, capacity 85172K, committed 85708K, reserved 1124352K
  class space    used 10800K, capacity 11535K, committed 11724K, reserved 1048576K
}
Event: 40.876 GC heap before
{Heap before GC invocations=40 (full 0):
 garbage-first heap   total 228352K, used 174922K [0x0000000080000000, 0x0000000100000000)
  region size 1024K, 44 young (45056K), 6 survivors (6144K)
 Metaspace       used 85871K, capacity 88141K, committed 88396K, reserved 1126400K
  class space    used 11259K, capacity 12061K, committed 12108K, reserved 1048576K
}

Deoptimization events (20 events):
Event: 40.535 Thread 0x000001f5eeff1800 Uncommon trap: trap_request=0xffffff4d fr.pc=0x000001f5df216c64 relative=0x0000000000000e84
Event: 40.535 Thread 0x000001f5eeff1800 Uncommon trap: reason=unstable_if action=reinterpret pc=0x000001f5df216c64 method=com.android.tools.r8.w.a.a.a.f.K.a(ILjava/lang/Object;)Ljava/lang/Object; @ 142 c2
Event: 40.535 Thread 0x000001f5eeff1800 DEOPT PACKING pc=0x000001f5df216c64 sp=0x0000007c0b3f98e0
Event: 40.535 Thread 0x000001f5eeff1800 DEOPT UNPACKING pc=0x000001f5d71d74af sp=0x0000007c0b3f98b8 mode 2
Event: 40.571 Thread 0x000001f5eeff3000 Uncommon trap: trap_request=0xffffff4d fr.pc=0x000001f5def5e46c relative=0x00000000000027cc
Event: 40.571 Thread 0x000001f5eeff3000 Uncommon trap: reason=unstable_if action=reinterpret pc=0x000001f5def5e46c method=java.util.TreeMap.put(Ljava/lang/Object;Ljava/lang/Object;)Ljava/lang/Object; @ 163 c2
Event: 40.571 Thread 0x000001f5eeff3000 DEOPT PACKING pc=0x000001f5def5e46c sp=0x0000007c0b6f9e90
Event: 40.571 Thread 0x000001f5eeff3000 DEOPT UNPACKING pc=0x000001f5d71d74af sp=0x0000007c0b6f9e50 mode 2
Event: 40.585 Thread 0x000001f5eeff4000 DEOPT PACKING pc=0x000001f5d8c1a090 sp=0x0000007c0b7f94a0
Event: 40.585 Thread 0x000001f5eeff4000 DEOPT UNPACKING pc=0x000001f5d71d72ce sp=0x0000007c0b7f89a0 mode 0
Event: 40.638 Thread 0x000001f5eeff2000 Uncommon trap: trap_request=0xffffff4d fr.pc=0x000001f5df0ac68c relative=0x00000000000011ec
Event: 40.638 Thread 0x000001f5eeff2000 Uncommon trap: reason=unstable_if action=reinterpret pc=0x000001f5df0ac68c method=java.util.HashMap.computeIfAbsent(Ljava/lang/Object;Ljava/util/function/Function;)Ljava/lang/Object; @ 145 c2
Event: 40.638 Thread 0x000001f5eeff2000 DEOPT PACKING pc=0x000001f5df0ac68c sp=0x0000007c0b4f9e80
Event: 40.638 Thread 0x000001f5eeff2000 DEOPT UNPACKING pc=0x000001f5d71d74af sp=0x0000007c0b4f9e60 mode 2
Event: 40.668 Thread 0x000001f5eeff2000 Uncommon trap: trap_request=0xffffff7e fr.pc=0x000001f5df1dd064 relative=0x0000000000000244
Event: 40.668 Thread 0x000001f5eeff2000 Uncommon trap: reason=predicate action=maybe_recompile pc=0x000001f5df1dd064 method=com.android.tools.r8.graph.q0.a([C)I @ 8 c2
Event: 40.668 Thread 0x000001f5eeff2000 DEOPT PACKING pc=0x000001f5df1dd064 sp=0x0000007c0b4f9fc0
Event: 40.668 Thread 0x000001f5eeff2000 DEOPT UNPACKING pc=0x000001f5d71d74af sp=0x0000007c0b4f9f48 mode 2
Event: 40.835 Thread 0x000001f5eeff2000 DEOPT PACKING pc=0x000001f5d8d0f9e3 sp=0x0000007c0b4f9580
Event: 40.835 Thread 0x000001f5eeff2000 DEOPT UNPACKING pc=0x000001f5d71d72ce sp=0x0000007c0b4f8a18 mode 0

Classes redefined (0 events):
No events

Internal exceptions (20 events):
Event: 38.897 Thread 0x000001f5eeff3000 Exception <a 'java/lang/NoSuchMethodError'{0x0000000087891ff0}: 'java.lang.Object java.lang.invoke.DirectMethodHandle$Holder.invokeStatic(java.lang.Object, long)'> (0x0000000087891ff0) thrown at [./src/hotspot/share/interpreter/linkResolver.cpp, line 773]
Event: 39.146 Thread 0x000001f5eeff0800 Exception <a 'sun/nio/fs/WindowsException'{0x00000000884fd620}> (0x00000000884fd620) thrown at [./src/hotspot/share/prims/jni.cpp, line 615]
Event: 39.172 Thread 0x000001f5eeff3000 Exception <a 'java/lang/NoSuchMethodError'{0x0000000087fe35b0}: 'void java.lang.invoke.DirectMethodHandle$Holder.invokeStatic(java.lang.Object, java.lang.Object, java.lang.Object, int)'> (0x0000000087fe35b0) thrown at [./src/hotspot/share/interpreter/linkResolver.cpp, line 773]
Event: 39.173 Thread 0x000001f5eeff3000 Exception <a 'java/lang/IncompatibleClassChangeError'{0x0000000087e32438}: Found class java.lang.Object, but interface was expected> (0x0000000087e32438) thrown at [./src/hotspot/share/interpreter/linkResolver.cpp, line 839]
Event: 39.818 Thread 0x000001f5eeff3000 Exception <a 'java/lang/NoSuchMethodError'{0x000000008cd09ef8}: 'long java.lang.invoke.DirectMethodHandle$Holder.invokeStatic(java.lang.Object, java.lang.Object)'> (0x000000008cd09ef8) thrown at [./src/hotspot/share/interpreter/linkResolver.cpp, line 773]
Event: 39.831 Thread 0x000001f5eeff3000 Exception <a 'java/lang/NoSuchMethodError'{0x000000008cce7a78}: 'void java.lang.invoke.DirectMethodHandle$Holder.invokeSpecial(java.lang.Object, java.lang.Object, int, java.lang.Object)'> (0x000000008cce7a78) thrown at [./src/hotspot/share/interpreter/linkResolver.cpp, line 773]
Event: 40.351 Thread 0x000001f5eeff2000 Exception <a 'java/lang/NoSuchMethodError'{0x000000008dbc28f8}: 'java.lang.Object java.lang.invoke.DirectMethodHandle$Holder.invokeVirtual(java.lang.Object, java.lang.Object, int, java.lang.Object)'> (0x000000008dbc28f8) thrown at [./src/hotspot/share/interpreter/linkResolver.cpp, line 773]
Event: 40.351 Thread 0x000001f5eefe9000 Exception <a 'java/lang/NoSuchMethodError'{0x000000008da3b850}: 'java.lang.Object java.lang.invoke.DirectMethodHandle$Holder.invokeVirtual(java.lang.Object, java.lang.Object, int, java.lang.Object)'> (0x000000008da3b850) thrown at [./src/hotspot/share/interpreter/linkResolver.cpp, line 773]
Event: 40.351 Thread 0x000001f5eeff5800 Exception <a 'java/lang/NoSuchMethodError'{0x000000008da025f0}: 'java.lang.Object java.lang.invoke.DirectMethodHandle$Holder.invokeVirtual(java.lang.Object, java.lang.Object, int, java.lang.Object)'> (0x000000008da025f0) thrown at [./src/hotspot/share/interpreter/linkResolver.cpp, line 773]
Event: 40.351 Thread 0x000001f5eeff3000 Exception <a 'java/lang/NoSuchMethodError'{0x000000008da54548}: 'java.lang.Object java.lang.invoke.DirectMethodHandle$Holder.invokeVirtual(java.lang.Object, java.lang.Object, int, java.lang.Object)'> (0x000000008da54548) thrown at [./src/hotspot/share/interpreter/linkResolver.cpp, line 773]
Event: 40.351 Thread 0x000001f5eeff0800 Exception <a 'java/lang/NoSuchMethodError'{0x000000008db7e920}: 'java.lang.Object java.lang.invoke.DirectMethodHandle$Holder.invokeVirtual(java.lang.Object, java.lang.Object, int, java.lang.Object)'> (0x000000008db7e920) thrown at [./src/hotspot/share/interpreter/linkResolver.cpp, line 773]
Event: 40.352 Thread 0x000001f5eeff4800 Exception <a 'java/lang/NoSuchMethodError'{0x000000008da51660}: 'java.lang.Object java.lang.invoke.DirectMethodHandle$Holder.invokeVirtual(java.lang.Object, java.lang.Object, int, java.lang.Object)'> (0x000000008da51660) thrown at [./src/hotspot/share/interpreter/linkResolver.cpp, line 773]
Event: 40.385 Thread 0x000001f5eeff1800 Exception <a 'java/lang/NoSuchMethodError'{0x000000008d80d608}: 'void java.lang.invoke.DirectMethodHandle$Holder.invokeVirtual(java.lang.Object, java.lang.Object, int, java.lang.Object)'> (0x000000008d80d608) thrown at [./src/hotspot/share/interpreter/linkResolver.cpp, line 773]
Event: 40.385 Thread 0x000001f5eefe9000 Exception <a 'java/lang/NoSuchMethodError'{0x000000008d812410}: 'void java.lang.invoke.DirectMethodHandle$Holder.invokeVirtual(java.lang.Object, java.lang.Object, int, java.lang.Object)'> (0x000000008d812410) thrown at [./src/hotspot/share/interpreter/linkResolver.cpp, line 773]
Event: 40.387 Thread 0x000001f5eeff4000 Exception <a 'java/lang/NoSuchMethodError'{0x000000008db3fd68}: 'void java.lang.invoke.DirectMethodHandle$Holder.invokeVirtual(java.lang.Object, java.lang.Object, int, java.lang.Object)'> (0x000000008db3fd68) thrown at [./src/hotspot/share/interpreter/linkResolver.cpp, line 773]
Event: 40.502 Thread 0x000001f5eeff4000 Exception <a 'java/lang/NoSuchMethodError'{0x000000008d51e9c0}: 'int java.lang.invoke.DirectMethodHandle$Holder.invokeSpecial(java.lang.Object, java.lang.Object, java.lang.Object, int, java.lang.Object)'> (0x000000008d51e9c0) thrown at [./src/hotspot/share/interpreter/linkResolver.cpp, line 773]
Event: 40.502 Thread 0x000001f5eeff2000 Exception <a 'java/lang/NoSuchMethodError'{0x000000008d5b8df0}: 'int java.lang.invoke.DirectMethodHandle$Holder.invokeSpecial(java.lang.Object, java.lang.Object, java.lang.Object, int, java.lang.Object)'> (0x000000008d5b8df0) thrown at [./src/hotspot/share/interpreter/linkResolver.cpp, line 773]
Event: 40.522 Thread 0x000001f5eeff1800 Exception <a 'java/lang/NoSuchMethodError'{0x000000008d366b90}: 'java.lang.Object java.lang.invoke.DirectMethodHandle$Holder.newInvokeSpecial(java.lang.Object, int)'> (0x000000008d366b90) thrown at [./src/hotspot/share/interpreter/linkResolver.cpp, line 773]
Event: 40.522 Thread 0x000001f5eefe9000 Exception <a 'java/lang/NoSuchMethodError'{0x000000008d4649b8}: 'java.lang.Object java.lang.invoke.DirectMethodHandle$Holder.newInvokeSpecial(java.lang.Object, int)'> (0x000000008d4649b8) thrown at [./src/hotspot/share/interpreter/linkResolver.cpp, line 773]
Event: 40.646 Thread 0x000001f5eeff4800 Exception <a 'java/lang/NoSuchMethodError'{0x000000008ccbb308}: 'java.lang.Object java.lang.invoke.DirectMethodHandle$Holder.invokeInterface(java.lang.Object, java.lang.Object, int)'> (0x000000008ccbb308) thrown at [./src/hotspot/share/interpreter/linkResolver.cpp, line 773]

Events (20 events):
Event: 40.731 loading class com/android/tools/r8/s/a/a/b/R0 done
Event: 40.732 loading class com/android/tools/r8/graph/S$e
Event: 40.732 loading class com/android/tools/r8/graph/S$e done
Event: 40.733 loading class com/android/tools/r8/s/a/a/b/Q0
Event: 40.733 loading class com/android/tools/r8/s/a/a/b/Q0 done
Event: 40.734 loading class com/android/tools/r8/graph/S$e
Event: 40.734 loading class com/android/tools/r8/graph/S$e done
Event: 40.734 loading class com/android/tools/r8/graph/S$a
Event: 40.734 loading class com/android/tools/r8/graph/S$a done
Event: 40.734 loading class com/android/tools/r8/graph/O$b$a
Event: 40.734 loading class com/android/tools/r8/graph/O$b$a done
Event: 40.735 loading class com/android/tools/r8/graph/S$a
Event: 40.735 loading class com/android/tools/r8/graph/S$a done
Event: 40.747 loading class com/android/tools/r8/code/R1
Event: 40.747 loading class com/android/tools/r8/code/R1 done
Event: 40.748 loading class com/android/tools/r8/code/Q1
Event: 40.748 loading class com/android/tools/r8/code/Q1 done
Event: 40.831 loading class com/android/tools/r8/utils/S
Event: 40.831 loading class com/android/tools/r8/utils/S done
Event: 40.875 Executing VM operation: G1CollectForAllocation


Dynamic libraries:
0x00007ff7cff70000 - 0x00007ff7cff7a000 	C:\Program Files\Android\Android Studio\jre\bin\java.exe
0x00007ffe8c190000 - 0x00007ffe8c385000 	C:\WINDOWS\SYSTEM32\ntdll.dll
0x00007ffe8a530000 - 0x00007ffe8a5ed000 	C:\WINDOWS\System32\KERNEL32.DLL
0x00007ffe89d00000 - 0x00007ffe89fc9000 	C:\WINDOWS\System32\KERNELBASE.dll
0x00007ffe89900000 - 0x00007ffe89a00000 	C:\WINDOWS\System32\ucrtbase.dll
0x00007ffe76820000 - 0x00007ffe76839000 	C:\Program Files\Android\Android Studio\jre\bin\jli.dll
0x00007ffe729f0000 - 0x00007ffe72a07000 	C:\Program Files\Android\Android Studio\jre\bin\VCRUNTIME140.dll
0x00007ffe8bbc0000 - 0x00007ffe8bd60000 	C:\WINDOWS\System32\USER32.dll
0x00007ffe898d0000 - 0x00007ffe898f2000 	C:\WINDOWS\System32\win32u.dll
0x00007ffe8bb30000 - 0x00007ffe8bb5a000 	C:\WINDOWS\System32\GDI32.dll
0x00007ffe89a90000 - 0x00007ffe89b9b000 	C:\WINDOWS\System32\gdi32full.dll
0x00007ffe8a0d0000 - 0x00007ffe8a16d000 	C:\WINDOWS\System32\msvcp_win.dll
0x00007ffe796b0000 - 0x00007ffe7994a000 	C:\WINDOWS\WinSxS\amd64_microsoft.windows.common-controls_6595b64144ccf1df_6.0.19041.1110_none_60b5254171f9507e\COMCTL32.dll
0x00007ffe8a2e0000 - 0x00007ffe8a37e000 	C:\WINDOWS\System32\msvcrt.dll
0x00007ffe8a2b0000 - 0x00007ffe8a2e0000 	C:\WINDOWS\System32\IMM32.DLL
0x00007ffe3c6e0000 - 0x00007ffe3c77d000 	C:\Program Files\Android\Android Studio\jre\bin\msvcp140.dll
0x00007ffe15060000 - 0x00007ffe15b1c000 	C:\Program Files\Android\Android Studio\jre\bin\server\jvm.dll
0x00007ffe8b410000 - 0x00007ffe8b4bc000 	C:\WINDOWS\System32\ADVAPI32.dll
0x00007ffe8bea0000 - 0x00007ffe8bf3b000 	C:\WINDOWS\System32\sechost.dll
0x00007ffe8aee0000 - 0x00007ffe8b00a000 	C:\WINDOWS\System32\RPCRT4.dll
0x00007ffe8ad90000 - 0x00007ffe8ad98000 	C:\WINDOWS\System32\PSAPI.DLL
0x00007ffe7c0c0000 - 0x00007ffe7c0c9000 	C:\WINDOWS\SYSTEM32\WSOCK32.dll
0x00007ffe7cbb0000 - 0x00007ffe7cbd7000 	C:\WINDOWS\SYSTEM32\WINMM.dll
0x00007ffe8bac0000 - 0x00007ffe8bb2b000 	C:\WINDOWS\System32\WS2_32.dll
0x00007ffe83af0000 - 0x00007ffe83afa000 	C:\WINDOWS\SYSTEM32\VERSION.dll
0x00007ffe881e0000 - 0x00007ffe881f2000 	C:\WINDOWS\SYSTEM32\kernel.appcore.dll
0x00007ffe786c0000 - 0x00007ffe786d1000 	C:\Program Files\Android\Android Studio\jre\bin\verify.dll
0x00007ffe876f0000 - 0x00007ffe878d4000 	C:\WINDOWS\SYSTEM32\DBGHELP.DLL
0x00007ffe82260000 - 0x00007ffe8228c000 	C:\WINDOWS\SYSTEM32\dbgcore.DLL
0x00007ffe8a170000 - 0x00007ffe8a1f3000 	C:\WINDOWS\System32\bcryptPrimitives.dll
0x00007ffe785d0000 - 0x00007ffe785f9000 	C:\Program Files\Android\Android Studio\jre\bin\java.dll
0x00007ffe860a0000 - 0x00007ffe860ab000 	C:\Program Files\Android\Android Studio\jre\bin\jimage.dll
0x00007ffe785b0000 - 0x00007ffe785c8000 	C:\Program Files\Android\Android Studio\jre\bin\zip.dll
0x00007ffe8a5f0000 - 0x00007ffe8ad2f000 	C:\WINDOWS\System32\SHELL32.dll
0x00007ffe878e0000 - 0x00007ffe88071000 	C:\WINDOWS\SYSTEM32\windows.storage.dll
0x00007ffe8b010000 - 0x00007ffe8b365000 	C:\WINDOWS\System32\combase.dll
0x00007ffe89270000 - 0x00007ffe8929c000 	C:\WINDOWS\SYSTEM32\Wldp.dll
0x00007ffe8a200000 - 0x00007ffe8a2ae000 	C:\WINDOWS\System32\SHCORE.dll
0x00007ffe8ad30000 - 0x00007ffe8ad85000 	C:\WINDOWS\System32\shlwapi.dll
0x00007ffe89810000 - 0x00007ffe8982f000 	C:\WINDOWS\SYSTEM32\profapi.dll
0x00007ffe78590000 - 0x00007ffe785aa000 	C:\Program Files\Android\Android Studio\jre\bin\net.dll
0x00007ffe84d50000 - 0x00007ffe84e5a000 	C:\WINDOWS\SYSTEM32\WINHTTP.dll
0x00007ffe88fd0000 - 0x00007ffe8903a000 	C:\WINDOWS\system32\mswsock.dll
0x00007ffe783d0000 - 0x00007ffe783e4000 	C:\Program Files\Android\Android Studio\jre\bin\nio.dll
0x00007ffe70000000 - 0x00007ffe70027000 	C:\Users\ka030\.gradle\native\fdc75f09e3144964f2cf3f50f0aa648679c211496f362492102eb8c894070792\windows-amd64\native-platform.dll
0x00007ffe3bc40000 - 0x00007ffe3bdd6000 	C:\Users\ka030\.gradle\native\12488b8bf47d2d4c9fbf2f6322a914ad602e24e48041cd04a747c6da556b65c4\windows-amd64\native-platform-file-events.dll
0x00007ffe81bb0000 - 0x00007ffe81bba000 	C:\Program Files\Android\Android Studio\jre\bin\management.dll
0x00007ffe7ff70000 - 0x00007ffe7ff7c000 	C:\Program Files\Android\Android Studio\jre\bin\management_ext.dll
0x00007ffe891b0000 - 0x00007ffe891c8000 	C:\WINDOWS\SYSTEM32\CRYPTSP.dll
0x00007ffe88970000 - 0x00007ffe889a4000 	C:\WINDOWS\system32\rsaenh.dll
0x00007ffe89a00000 - 0x00007ffe89a27000 	C:\WINDOWS\System32\bcrypt.dll
0x00007ffe89790000 - 0x00007ffe897be000 	C:\WINDOWS\SYSTEM32\USERENV.dll
0x00007ffe891d0000 - 0x00007ffe891dc000 	C:\WINDOWS\SYSTEM32\CRYPTBASE.dll
0x00007ffe88cc0000 - 0x00007ffe88cfb000 	C:\WINDOWS\SYSTEM32\IPHLPAPI.DLL
0x00007ffe8b400000 - 0x00007ffe8b408000 	C:\WINDOWS\System32\NSI.dll
0x00007ffe82100000 - 0x00007ffe82117000 	C:\WINDOWS\SYSTEM32\dhcpcsvc6.DLL
0x00007ffe819b0000 - 0x00007ffe819cd000 	C:\WINDOWS\SYSTEM32\dhcpcsvc.DLL
0x00007ffe88d00000 - 0x00007ffe88dcc000 	C:\WINDOWS\SYSTEM32\DNSAPI.dll
0x00007ffe82910000 - 0x00007ffe8291b000 	C:\WINDOWS\SYSTEM32\WINNSI.DLL

dbghelp: loaded successfully - version: 4.0.5 - missing functions: none
symbol engine: initialized successfully - sym options: 0x614 - pdb path: .;C:\Program Files\Android\Android Studio\jre\bin;C:\WINDOWS\SYSTEM32;C:\WINDOWS\WinSxS\amd64_microsoft.windows.common-controls_6595b64144ccf1df_6.0.19041.1110_none_60b5254171f9507e;C:\Program Files\Android\Android Studio\jre\bin\server;C:\Users\ka030\.gradle\native\fdc75f09e3144964f2cf3f50f0aa648679c211496f362492102eb8c894070792\windows-amd64;C:\Users\ka030\.gradle\native\12488b8bf47d2d4c9fbf2f6322a914ad602e24e48041cd04a747c6da556b65c4\windows-amd64

VM Arguments:
jvm_args: --add-opens=java.base/java.util=ALL-UNNAMED --add-opens=java.base/java.lang=ALL-UNNAMED --add-opens=java.base/java.lang.invoke=ALL-UNNAMED --add-opens=java.prefs/java.util.prefs=ALL-UNNAMED -Xmx2048m -Dfile.encoding=UTF-8 -Duser.country=US -Duser.language=en -Duser.variant 
java_command: org.gradle.launcher.daemon.bootstrap.GradleDaemon 6.7.1
java_class_path (initial): C:\Users\ka030\.gradle\wrapper\dists\gradle-6.7.1-bin\bwlcbys1h7rz3272sye1xwiv6\gradle-6.7.1\lib\gradle-launcher-6.7.1.jar
Launcher Type: SUN_STANDARD

[Global flags]
     intx CICompilerCount                          = 4                                         {product} {ergonomic}
     uint ConcGCThreads                            = 2                                         {product} {ergonomic}
     uint G1ConcRefinementThreads                  = 8                                         {product} {ergonomic}
   size_t G1HeapRegionSize                         = 1048576                                   {product} {ergonomic}
    uintx GCDrainStackTargetSize                   = 64                                        {product} {ergonomic}
   size_t InitialHeapSize                          = 132120576                                 {product} {ergonomic}
   size_t MarkStackSize                            = 4194304                                   {product} {ergonomic}
   size_t MaxHeapSize                              = 2147483648                                {product} {command line}
   size_t MaxNewSize                               = 1287651328                                {product} {ergonomic}
   size_t MinHeapDeltaBytes                        = 1048576                                   {product} {ergonomic}
    uintx NonNMethodCodeHeapSize                   = 5836300                                {pd product} {ergonomic}
    uintx NonProfiledCodeHeapSize                  = 122910970                              {pd product} {ergonomic}
    uintx ProfiledCodeHeapSize                     = 122910970                              {pd product} {ergonomic}
    uintx ReservedCodeCacheSize                    = 251658240                              {pd product} {ergonomic}
     bool SegmentedCodeCache                       = true                                      {product} {ergonomic}
     bool UseCompressedClassPointers               = true                                 {lp64_product} {ergonomic}
     bool UseCompressedOops                        = true                                 {lp64_product} {ergonomic}
     bool UseG1GC                                  = true                                      {product} {ergonomic}
     bool UseLargePagesIndividualAllocation        = false                                  {pd product} {ergonomic}

Logging:
Log output configuration:
 #0: stdout all=warning uptime,level,tags
 #1: stderr all=off uptime,level,tags

Environment Variables:
JAVA_HOME=C:\Program Files\Java\jdk-11.0.2
PATH=C:\ProgramData\Anaconda3;C:\ProgramData\Anaconda3\Library\mingw-w64\bin;C:\ProgramData\Anaconda3\Library\usr\bin;C:\ProgramData\Anaconda3\Library\bin;C:\ProgramData\Anaconda3\Scripts;C:\Program Files (x86)\Common Files\Oracle\Java\javapath;C:\Program Files (x86)\Intel\iCLS Client\;C:\Program Files\Intel\iCLS Client\;C:\WINDOWS\system32;C:\WINDOWS;C:\WINDOWS\System32\Wbem;C:\WINDOWS\System32\WindowsPowerShell\v1.0\;C:\Program Files (x86)\Intel\Intel(R) Management Engine Components\DAL;C:\Program Files\Intel\Intel(R) Management Engine Components\DAL;C:\Program Files (x86)\Intel\Intel(R) Management Engine Components\IPT;C:\Program Files\Intel\Intel(R) Management Engine Components\IPT;C:\Program Files\Intel\WiFi\bin\;C:\Program Files\Common Files\Intel\WirelessCommon\;C:\WINDOWS\System32\OpenSSH\;C:\Program Files (x86)\MySQL\MySQL Server 5.5\bin;C:\Program Files\PuTTY\;C:\Program Files\Git\cmd;C:\Users\ka030\AppData\Local\Programs\Python\Python39\Scripts\;C:\Users\ka030\AppData\Local\Programs\Python\Python39\;C:\Users\ka030\AppData\Local\Microsoft\WindowsApps;C:\Program Files\Bandizip\;C:\Program Files\Java\jdk-11.0.2\bin;C:\Users\ka030\AppData\Local\GitHubDesktop\bin;C:\Users\ka030\AppData\Local\Microsoft\WindowsApps;;C:\Program Files\JetBrains\PyCharm Community Edition 2020.3.3\bin;
USERNAME=ka030
OS=Windows_NT
PROCESSOR_IDENTIFIER=Intel64 Family 6 Model 142 Stepping 10, GenuineIntel



---------------  S Y S T E M  ---------------

OS: Windows 10 , 64 bit Build 19041 (10.0.19041.1023)
OS uptime: 24 days 18:57 hours

CPU:total 8 (initial active 8) (4 cores per cpu, 2 threads per core) family 6 model 142 stepping 10, cmov, cx8, fxsr, mmx, sse, sse2, sse3, ssse3, sse4.1, sse4.2, popcnt, avx, avx2, aes, clmul, erms, 3dnowpref, lzcnt, ht, tsc, tscinvbit, bmi1, bmi2, adx, fma

Memory: 4k page, system-wide physical 8025M (565M free)
TotalPageFile size 20191M (AvailPageFile size 258M)
current process WorkingSet (physical memory assigned to process): 504M, peak: 505M
current process commit charge ("private bytes"): 579M, peak: 860M

vm_info: OpenJDK 64-Bit Server VM (11.0.8+10-b944.6842174) for windows-amd64 JRE (11.0.8+10-b944.6842174), built on Sep 19 2020 01:11:42 by "builder" with MS VC++ 14.0 (VS2015)

END.
